#
# There is insufficient memory for the Java Runtime Environment to continue.
# Native memory allocation (malloc) failed to allocate 1249136 bytes. Error detail: Chunk::new
# Possible reasons:
#   The system is out of physical RAM or swap space
#   This process is running with CompressedOops enabled, and the Java Heap may be blocking the growth of the native heap
# Possible solutions:
#   Reduce memory load on the system
#   Increase physical memory or swap space
#   Check if swap backing store is full
#   Decrease Java heap size (-Xmx/-Xms)
#   Decrease number of Java threads
#   Decrease Java thread stack sizes (-Xss)
#   Set larger code cache with -XX:ReservedCodeCacheSize=
#   JVM is running with Unscaled Compressed Oops mode in which the Java heap is
#     placed in the first 4GB address space. The Java Heap base address is the
#     maximum limit for the native heap growth. Please use -XX:HeapBaseMinAddress
#     to set the Java Heap base and to place the Java Heap above 4GB virtual address.
# This output file may be truncated or incomplete.
#
#  Out of Memory Error (arena.cpp:191), pid=23596, tid=29756
#
# JRE version: OpenJDK Runtime Environment (17.0.11) (build 17.0.11+0--11852314)
# Java VM: OpenJDK 64-Bit Server VM (17.0.11+0--11852314, mixed mode, tiered, compressed oops, compressed class ptrs, g1 gc, windows-amd64)
# No core dump will be written. Minidumps are not enabled by default on client versions of Windows
#

---------------  S U M M A R Y ------------

Command Line: --add-opens=java.base/java.util=ALL-UNNAMED --add-opens=java.base/java.lang=ALL-UNNAMED --add-opens=java.base/java.lang.invoke=ALL-UNNAMED --add-opens=java.prefs/java.util.prefs=ALL-UNNAMED --add-opens=java.base/java.nio.charset=ALL-UNNAMED --add-opens=java.base/java.net=ALL-UNNAMED --add-opens=java.base/java.util.concurrent.atomic=ALL-UNNAMED -Xmx2048m -Dfile.encoding=UTF-8 -Duser.country=RU -Duser.language=ru -Duser.variant -javaagent:C:\Users\asukh\.gradle\wrapper\dists\gradle-8.7-bin\bhs2wmbdwecv87pi65oeuq5iu\gradle-8.7\lib\agents\gradle-instrumentation-agent-8.7.jar org.gradle.launcher.daemon.bootstrap.GradleDaemon 8.7

Host: Intel(R) Core(TM) i7-9750H CPU @ 2.60GHz, 12 cores, 15G,  Windows 10 , 64 bit Build 19041 (10.0.19041.4842)
Time: Wed Oct  2 20:00:59 2024 RTZ 2 (s 10 , 64 bit Build 19041 (10.0.19041.4842) elapsed time: 12.573074 seconds (0d 0h 0m 12s)

---------------  T H R E A D  ---------------

Current thread (0x00000217e440b8f0):  JavaThread "C2 CompilerThread0" daemon [_thread_in_native, id=29756, stack(0x00000044c7300000,0x00000044c7400000)]


Current CompileTask:
C2:  12599 7505       4       org.jetbrains.kotlin.com.intellij.openapi.vfs.impl.ArchiveHandler::processEntry (225 bytes)

Stack: [0x00000044c7300000,0x00000044c7400000]
Native frames: (J=compiled Java code, j=interpreted, Vv=VM code, C=native code)
V  [jvm.dll+0x687bb9]
V  [jvm.dll+0x84142a]
V  [jvm.dll+0x8430ae]
V  [jvm.dll+0x843713]
V  [jvm.dll+0x24a35f]
V  [jvm.dll+0xac544]
V  [jvm.dll+0xacb8c]
V  [jvm.dll+0x369be2]
V  [jvm.dll+0x33416a]
V  [jvm.dll+0x33360a]
V  [jvm.dll+0x21bed1]
V  [jvm.dll+0x21b311]
V  [jvm.dll+0x1a63ed]
V  [jvm.dll+0x22b1ee]
V  [jvm.dll+0x229375]
V  [jvm.dll+0x7f5647]
V  [jvm.dll+0x7efa4a]
V  [jvm.dll+0x686a35]
C  [ucrtbase.dll+0x21bb2]
C  [KERNEL32.DLL+0x17374]
C  [ntdll.dll+0x4cc91]


---------------  P R O C E S S  ---------------

Threads class SMR info:
_java_thread_list=0x00000217ed397680, length=77, elements={
0x00000217c9f61110, 0x00000217e43b4150, 0x00000217e43b5250, 0x00000217e43e91b0,
0x00000217e4404190, 0x00000217e4404a60, 0x00000217e4407740, 0x00000217e440b8f0,
0x00000217e4426410, 0x00000217e4428d30, 0x00000217e420aad0, 0x00000217e46452c0,
0x00000217ea1ab380, 0x00000217e9b5bac0, 0x00000217e9ed0600, 0x00000217ea990040,
0x00000217ea596a20, 0x00000217ea8f6e90, 0x00000217ea76f060, 0x00000217eab9e600,
0x00000217eab9f020, 0x00000217eab9ccb0, 0x00000217eab9c7a0, 0x00000217eab9bd80,
0x00000217eab9d1c0, 0x00000217eab9eb10, 0x00000217eab9dbe0, 0x00000217eab9b870,
0x00000217ebf82fe0, 0x00000217ebf871b0, 0x00000217ebf876c0, 0x00000217ebf85350,
0x00000217ebf834f0, 0x00000217ebf83f10, 0x00000217ebf86790, 0x00000217ebf83a00,
0x00000217ebf84420, 0x00000217ebf86ca0, 0x00000217ebf85860, 0x00000217ebf86280,
0x00000217ebf84e40, 0x00000217ebf80760, 0x00000217ebf85d70, 0x00000217ebf87bd0,
0x00000217ebf81180, 0x00000217ebf81ba0, 0x00000217ebf825c0, 0x00000217ebf82ad0,
0x00000217eb4c3820, 0x00000217eb4c6ac0, 0x00000217eb4c8e30, 0x00000217eb4c74e0,
0x00000217eb4c19c0, 0x00000217eb4c9340, 0x00000217eb4c79f0, 0x00000217eb4c6fd0,
0x00000217eb4c5b90, 0x00000217eb4c8410, 0x00000217eb4c8920, 0x00000217eb4c1ed0,
0x00000217eb4c23e0, 0x00000217eb4c60a0, 0x00000217eb4c28f0, 0x00000217eb4c3310,
0x00000217eb4c2e00, 0x00000217eb4c3d30, 0x00000217eb4c4240, 0x00000217eb4c4750,
0x00000217eb4c4c60, 0x00000217eb4c5170, 0x00000217eb4c65b0, 0x00000217eb4c5680,
0x00000217ecd05f20, 0x00000217ecd00910, 0x00000217ecd036a0, 0x00000217ecd03bb0,
0x00000217ecd02260
}

Java Threads: ( => current thread )
  0x00000217c9f61110 JavaThread "main" [_thread_blocked, id=28396, stack(0x00000044c6600000,0x00000044c6700000)]
  0x00000217e43b4150 JavaThread "Reference Handler" daemon [_thread_blocked, id=17308, stack(0x00000044c6d00000,0x00000044c6e00000)]
  0x00000217e43b5250 JavaThread "Finalizer" daemon [_thread_blocked, id=25920, stack(0x00000044c6e00000,0x00000044c6f00000)]
  0x00000217e43e91b0 JavaThread "Signal Dispatcher" daemon [_thread_blocked, id=14128, stack(0x00000044c6f00000,0x00000044c7000000)]
  0x00000217e4404190 JavaThread "Attach Listener" daemon [_thread_blocked, id=1300, stack(0x00000044c7000000,0x00000044c7100000)]
  0x00000217e4404a60 JavaThread "Service Thread" daemon [_thread_blocked, id=26948, stack(0x00000044c7100000,0x00000044c7200000)]
  0x00000217e4407740 JavaThread "Monitor Deflation Thread" daemon [_thread_blocked, id=28348, stack(0x00000044c7200000,0x00000044c7300000)]
=>0x00000217e440b8f0 JavaThread "C2 CompilerThread0" daemon [_thread_in_native, id=29756, stack(0x00000044c7300000,0x00000044c7400000)]
  0x00000217e4426410 JavaThread "C1 CompilerThread0" daemon [_thread_blocked, id=24524, stack(0x00000044c7400000,0x00000044c7500000)]
  0x00000217e4428d30 JavaThread "Sweeper thread" daemon [_thread_blocked, id=29676, stack(0x00000044c7500000,0x00000044c7600000)]
  0x00000217e420aad0 JavaThread "Common-Cleaner" daemon [_thread_blocked, id=28772, stack(0x00000044c7600000,0x00000044c7700000)]
  0x00000217e46452c0 JavaThread "Notification Thread" daemon [_thread_blocked, id=31584, stack(0x00000044c7700000,0x00000044c7800000)]
  0x00000217ea1ab380 JavaThread "Daemon health stats" [_thread_blocked, id=29516, stack(0x00000044c7e00000,0x00000044c7f00000)]
  0x00000217e9b5bac0 JavaThread "Incoming local TCP Connector on port 61558" [_thread_in_native, id=15244, stack(0x00000044c7f00000,0x00000044c8000000)]
  0x00000217e9ed0600 JavaThread "Daemon periodic checks" [_thread_blocked, id=27048, stack(0x00000044c8000000,0x00000044c8100000)]
  0x00000217ea990040 JavaThread "Daemon" [_thread_blocked, id=28836, stack(0x00000044c8100000,0x00000044c8200000)]
  0x00000217ea596a20 JavaThread "Handler for socket connection from /127.0.0.1:61558 to /127.0.0.1:61559" [_thread_in_native, id=13608, stack(0x00000044c8200000,0x00000044c8300000)]
  0x00000217ea8f6e90 JavaThread "Cancel handler" [_thread_blocked, id=28264, stack(0x00000044c8300000,0x00000044c8400000)]
  0x00000217ea76f060 JavaThread "Daemon worker" [_thread_blocked, id=7188, stack(0x00000044c8400000,0x00000044c8500000)]
  0x00000217eab9e600 JavaThread "Asynchronous log dispatcher for DefaultDaemonConnection: socket connection from /127.0.0.1:61558 to /127.0.0.1:61559" [_thread_blocked, id=28420, stack(0x00000044c8500000,0x00000044c8600000)]
  0x00000217eab9f020 JavaThread "Stdin handler" [_thread_blocked, id=26604, stack(0x00000044c8600000,0x00000044c8700000)]
  0x00000217eab9ccb0 JavaThread "Daemon client event forwarder" [_thread_blocked, id=32012, stack(0x00000044c8700000,0x00000044c8800000)]
  0x00000217eab9c7a0 JavaThread "Cache worker for journal cache (C:\Users\asukh\.gradle\caches\journal-1)" [_thread_blocked, id=9488, stack(0x00000044c8e00000,0x00000044c8f00000)]
  0x00000217eab9bd80 JavaThread "File lock request listener" [_thread_in_native, id=24644, stack(0x00000044c8f00000,0x00000044c9000000)]
  0x00000217eab9d1c0 JavaThread "Cache worker for file hash cache (C:\Users\asukh\.gradle\caches\8.7\fileHashes)" [_thread_blocked, id=32156, stack(0x00000044c9000000,0x00000044c9100000)]
  0x00000217eab9eb10 JavaThread "Cache worker for file hash cache (C:\Users\asukh\AndroidStudioProjects\MyApplication\.gradle\8.7\fileHashes)" [_thread_blocked, id=22964, stack(0x00000044c9100000,0x00000044c9200000)]
  0x00000217eab9dbe0 JavaThread "File watcher server" daemon [_thread_blocked, id=31384, stack(0x00000044c9200000,0x00000044c9300000)]
  0x00000217eab9b870 JavaThread "File watcher consumer" daemon [_thread_blocked, id=22668, stack(0x00000044c9300000,0x00000044c9400000)]
  0x00000217ebf82fe0 JavaThread "jar transforms" [_thread_blocked, id=2964, stack(0x00000044c9400000,0x00000044c9500000)]
  0x00000217ebf871b0 JavaThread "jar transforms Thread 2" [_thread_blocked, id=23748, stack(0x00000044c9500000,0x00000044c9600000)]
  0x00000217ebf876c0 JavaThread "jar transforms Thread 3" [_thread_blocked, id=19660, stack(0x00000044c9600000,0x00000044c9700000)]
  0x00000217ebf85350 JavaThread "jar transforms Thread 4" [_thread_blocked, id=20792, stack(0x00000044c9700000,0x00000044c9800000)]
  0x00000217ebf834f0 JavaThread "jar transforms Thread 5" [_thread_blocked, id=30804, stack(0x00000044c9800000,0x00000044c9900000)]
  0x00000217ebf83f10 JavaThread "jar transforms Thread 6" [_thread_blocked, id=30616, stack(0x00000044c9900000,0x00000044c9a00000)]
  0x00000217ebf86790 JavaThread "jar transforms Thread 7" [_thread_blocked, id=32716, stack(0x00000044c9a00000,0x00000044c9b00000)]
  0x00000217ebf83a00 JavaThread "jar transforms Thread 8" [_thread_blocked, id=21552, stack(0x00000044c9b00000,0x00000044c9c00000)]
  0x00000217ebf84420 JavaThread "jar transforms Thread 9" [_thread_blocked, id=16560, stack(0x00000044c9c00000,0x00000044c9d00000)]
  0x00000217ebf86ca0 JavaThread "jar transforms Thread 10" [_thread_blocked, id=19676, stack(0x00000044c9d00000,0x00000044c9e00000)]
  0x00000217ebf85860 JavaThread "jar transforms Thread 11" [_thread_blocked, id=13464, stack(0x00000044c9e00000,0x00000044c9f00000)]
  0x00000217ebf86280 JavaThread "jar transforms Thread 12" [_thread_blocked, id=4772, stack(0x00000044c9f00000,0x00000044ca000000)]
  0x00000217ebf84e40 JavaThread "Cache worker for checksums cache (C:\Users\asukh\AndroidStudioProjects\MyApplication\.gradle\8.7\checksums)" [_thread_blocked, id=25980, stack(0x00000044ca000000,0x00000044ca100000)]
  0x00000217ebf80760 JavaThread "Cache worker for cache directory md-supplier (C:\Users\asukh\.gradle\caches\8.7\md-supplier)" [_thread_blocked, id=30472, stack(0x00000044ca100000,0x00000044ca200000)]
  0x00000217ebf85d70 JavaThread "Cache worker for cache directory md-rule (C:\Users\asukh\.gradle\caches\8.7\md-rule)" [_thread_blocked, id=24544, stack(0x00000044ca200000,0x00000044ca300000)]
  0x00000217ebf87bd0 JavaThread "Cache worker for file content cache (C:\Users\asukh\.gradle\caches\8.7\fileContent)" [_thread_blocked, id=27512, stack(0x00000044ca300000,0x00000044ca400000)]
  0x00000217ebf81180 JavaThread "Unconstrained build operations" [_thread_blocked, id=24496, stack(0x00000044ca400000,0x00000044ca500000)]
  0x00000217ebf81ba0 JavaThread "Unconstrained build operations Thread 2" [_thread_blocked, id=2544, stack(0x00000044ca500000,0x00000044ca600000)]
  0x00000217ebf825c0 JavaThread "Unconstrained build operations Thread 3" [_thread_blocked, id=22756, stack(0x00000044ca600000,0x00000044ca700000)]
  0x00000217ebf82ad0 JavaThread "Unconstrained build operations Thread 4" [_thread_blocked, id=31332, stack(0x00000044ca700000,0x00000044ca800000)]
  0x00000217eb4c3820 JavaThread "Unconstrained build operations Thread 5" [_thread_blocked, id=27352, stack(0x00000044ca800000,0x00000044ca900000)]
  0x00000217eb4c6ac0 JavaThread "Unconstrained build operations Thread 6" [_thread_blocked, id=30888, stack(0x00000044ca900000,0x00000044caa00000)]
  0x00000217eb4c8e30 JavaThread "Unconstrained build operations Thread 7" [_thread_blocked, id=32276, stack(0x00000044caa00000,0x00000044cab00000)]
  0x00000217eb4c74e0 JavaThread "Unconstrained build operations Thread 8" [_thread_blocked, id=20672, stack(0x00000044cab00000,0x00000044cac00000)]
  0x00000217eb4c19c0 JavaThread "Unconstrained build operations Thread 9" [_thread_blocked, id=29944, stack(0x00000044cac00000,0x00000044cad00000)]
  0x00000217eb4c9340 JavaThread "Unconstrained build operations Thread 10" [_thread_blocked, id=21008, stack(0x00000044cad00000,0x00000044cae00000)]
  0x00000217eb4c79f0 JavaThread "Cache worker for Build Output Cleanup Cache (C:\Users\asukh\AndroidStudioProjects\MyApplication\.gradle\buildOutputCleanup)" [_thread_blocked, id=8224, stack(0x00000044cae00000,0x00000044caf00000)]
  0x00000217eb4c6fd0 JavaThread "Unconstrained build operations Thread 11" [_thread_blocked, id=16532, stack(0x00000044caf00000,0x00000044cb000000)]
  0x00000217eb4c5b90 JavaThread "Unconstrained build operations Thread 12" [_thread_blocked, id=31004, stack(0x00000044cb000000,0x00000044cb100000)]
  0x00000217eb4c8410 JavaThread "Unconstrained build operations Thread 13" [_thread_blocked, id=10476, stack(0x00000044cb100000,0x00000044cb200000)]
  0x00000217eb4c8920 JavaThread "Unconstrained build operations Thread 14" [_thread_blocked, id=13952, stack(0x00000044cb200000,0x00000044cb300000)]
  0x00000217eb4c1ed0 JavaThread "Unconstrained build operations Thread 15" [_thread_blocked, id=31092, stack(0x00000044cb300000,0x00000044cb400000)]
  0x00000217eb4c23e0 JavaThread "Unconstrained build operations Thread 16" [_thread_blocked, id=17604, stack(0x00000044cb400000,0x00000044cb500000)]
  0x00000217eb4c60a0 JavaThread "Unconstrained build operations Thread 17" [_thread_blocked, id=16588, stack(0x00000044cb500000,0x00000044cb600000)]
  0x00000217eb4c28f0 JavaThread "Unconstrained build operations Thread 18" [_thread_blocked, id=27304, stack(0x00000044cb600000,0x00000044cb700000)]
  0x00000217eb4c3310 JavaThread "Unconstrained build operations Thread 19" [_thread_blocked, id=20760, stack(0x00000044cb700000,0x00000044cb800000)]
  0x00000217eb4c2e00 JavaThread "Unconstrained build operations Thread 20" [_thread_blocked, id=28540, stack(0x00000044cb800000,0x00000044cb900000)]
  0x00000217eb4c3d30 JavaThread "Unconstrained build operations Thread 21" [_thread_blocked, id=15984, stack(0x00000044cb900000,0x00000044cba00000)]
  0x00000217eb4c4240 JavaThread "Unconstrained build operations Thread 22" [_thread_blocked, id=20332, stack(0x00000044cba00000,0x00000044cbb00000)]
  0x00000217eb4c4750 JavaThread "Unconstrained build operations Thread 23" [_thread_blocked, id=26452, stack(0x00000044cbb00000,0x00000044cbc00000)]
  0x00000217eb4c4c60 JavaThread "Unconstrained build operations Thread 24" [_thread_blocked, id=24952, stack(0x00000044cbc00000,0x00000044cbd00000)]
  0x00000217eb4c5170 JavaThread "Unconstrained build operations Thread 25" [_thread_blocked, id=21560, stack(0x00000044cbd00000,0x00000044cbe00000)]
  0x00000217eb4c65b0 JavaThread "Unconstrained build operations Thread 26" [_thread_blocked, id=30360, stack(0x00000044cbe00000,0x00000044cbf00000)]
  0x00000217eb4c5680 JavaThread "Unconstrained build operations Thread 27" [_thread_blocked, id=16892, stack(0x00000044cbf00000,0x00000044cc000000)]
  0x00000217ecd05f20 JavaThread "Unconstrained build operations Thread 28" [_thread_blocked, id=32472, stack(0x00000044cc000000,0x00000044cc100000)]
  0x00000217ecd00910 JavaThread "Unconstrained build operations Thread 29" [_thread_blocked, id=23776, stack(0x00000044cc100000,0x00000044cc200000)]
  0x00000217ecd036a0 JavaThread "Unconstrained build operations Thread 30" [_thread_blocked, id=19540, stack(0x00000044cc200000,0x00000044cc300000)]
  0x00000217ecd03bb0 JavaThread "Unconstrained build operations Thread 31" [_thread_blocked, id=16856, stack(0x00000044cc300000,0x00000044cc400000)]
  0x00000217ecd02260 JavaThread "Unconstrained build operations Thread 32" [_thread_blocked, id=10016, stack(0x00000044cc400000,0x00000044cc500000)]

Other Threads:
  0x00000217e422dc20 VMThread "VM Thread" [stack: 0x00000044c6c00000,0x00000044c6d00000] [id=23120]
  0x00000217c9f620d0 WatcherThread [stack: 0x00000044c7800000,0x00000044c7900000] [id=32568]
  0x00000217c9fba8e0 GCTaskThread "GC Thread#0" [stack: 0x00000044c6700000,0x00000044c6800000] [id=25388]
  0x00000217e99c9b20 GCTaskThread "GC Thread#1" [stack: 0x00000044c7900000,0x00000044c7a00000] [id=13832]
  0x00000217e99c9de0 GCTaskThread "GC Thread#2" [stack: 0x00000044c7a00000,0x00000044c7b00000] [id=25936]
  0x00000217e9ae7670 GCTaskThread "GC Thread#3" [stack: 0x00000044c7b00000,0x00000044c7c00000] [id=4180]
  0x00000217e9ae7f40 GCTaskThread "GC Thread#4" [stack: 0x00000044c7c00000,0x00000044c7d00000] [id=5968]
  0x00000217e9ae8200 GCTaskThread "GC Thread#5" [stack: 0x00000044c7d00000,0x00000044c7e00000] [id=5504]
  0x00000217ea1c7830 GCTaskThread "GC Thread#6" [stack: 0x00000044c8800000,0x00000044c8900000] [id=16628]
  0x00000217eaa1f030 GCTaskThread "GC Thread#7" [stack: 0x00000044c8900000,0x00000044c8a00000] [id=28280]
  0x00000217eaa1f2f0 GCTaskThread "GC Thread#8" [stack: 0x00000044c8a00000,0x00000044c8b00000] [id=14552]
  0x00000217eaa1f5b0 GCTaskThread "GC Thread#9" [stack: 0x00000044c8b00000,0x00000044c8c00000] [id=27872]
  0x00000217c9fcc840 ConcurrentGCThread "G1 Main Marker" [stack: 0x00000044c6800000,0x00000044c6900000] [id=31488]
  0x00000217c9fcea10 ConcurrentGCThread "G1 Conc#0" [stack: 0x00000044c6900000,0x00000044c6a00000] [id=28676]
  0x00000217eab8b220 ConcurrentGCThread "G1 Conc#1" [stack: 0x00000044c8c00000,0x00000044c8d00000] [id=7636]
  0x00000217eab8b4e0 ConcurrentGCThread "G1 Conc#2" [stack: 0x00000044c8d00000,0x00000044c8e00000] [id=24256]
  0x00000217ca00deb0 ConcurrentGCThread "G1 Refine#0" [stack: 0x00000044c6a00000,0x00000044c6b00000] [id=31680]
  0x00000217ed18eb90 ConcurrentGCThread "G1 Refine#1" [stack: 0x00000044cc500000,0x00000044cc600000] [id=21580]
  0x00000217ed190310 ConcurrentGCThread "G1 Refine#2" [stack: 0x00000044cc600000,0x00000044cc700000] [id=21812]
  0x00000217ed1911c0 ConcurrentGCThread "G1 Refine#3" [stack: 0x00000044cc700000,0x00000044cc800000] [id=10460]
  0x00000217ca00e8e0 ConcurrentGCThread "G1 Service" [stack: 0x00000044c6b00000,0x00000044c6c00000] [id=32104]

Threads with active compile tasks:
C2 CompilerThread0    12735 7505       4       org.jetbrains.kotlin.com.intellij.openapi.vfs.impl.ArchiveHandler::processEntry (225 bytes)

VM state: at safepoint (normal execution)

VM Mutex/Monitor currently owned by a thread:  ([mutex/lock_event])
[0x00000217c9f5b360] Threads_lock - owner thread: 0x00000217e422dc20
[0x00000217c9f5b750] Heap_lock - owner thread: 0x00000217ea76f060

Heap address: 0x0000000080000000, size: 2048 MB, Compressed Oops mode: 32-bit

CDS archive(s) not mapped
Compressed class space mapped at: 0x0000000100000000-0x0000000140000000, reserved size: 1073741824
Narrow klass base: 0x0000000000000000, Narrow klass shift: 3, Narrow klass range: 0x140000000

GC Precious Log:
 CPUs: 12 total, 12 available
 Memory: 16201M
 Large Page Support: Disabled
 NUMA Support: Disabled
 Compressed Oops: Enabled (32-bit)
 Heap Region Size: 1M
 Heap Min Capacity: 8M
 Heap Initial Capacity: 254M
 Heap Max Capacity: 2G
 Pre-touch: Disabled
 Parallel Workers: 10
 Concurrent Workers: 3
 Concurrent Refinement Workers: 10
 Periodic GC: Disabled

Heap:
 garbage-first heap   total 171008K, used 101749K [0x0000000080000000, 0x0000000100000000)
  region size 1024K, 1 young (1024K), 1 survivors (1024K)
 Metaspace       used 80262K, committed 81024K, reserved 1179648K
  class space    used 11301K, committed 11648K, reserved 1048576K

Heap Regions: E=young(eden), S=young(survivor), O=old, HS=humongous(starts), HC=humongous(continues), CS=collection set, F=free, OA=open archive, CA=closed archive, TAMS=top-at-mark-start (previous, next)
|   0|0x0000000080000000, 0x0000000080100000, 0x0000000080100000|100%|HS|  |TAMS 0x0000000080100000, 0x0000000080000000| Complete 
|   1|0x0000000080100000, 0x0000000080200000, 0x0000000080200000|100%|HC|  |TAMS 0x0000000080200000, 0x0000000080100000| Complete 
|   2|0x0000000080200000, 0x0000000080300000, 0x0000000080300000|100%|HC|  |TAMS 0x0000000080300000, 0x0000000080200000| Complete 
|   3|0x0000000080300000, 0x0000000080400000, 0x0000000080400000|100%|HC|  |TAMS 0x0000000080400000, 0x0000000080300000| Complete 
|   4|0x0000000080400000, 0x0000000080500000, 0x0000000080500000|100%| O|  |TAMS 0x0000000080500000, 0x0000000080400000| Untracked 
|   5|0x0000000080500000, 0x0000000080600000, 0x0000000080600000|100%| O|  |TAMS 0x0000000080600000, 0x0000000080500000| Untracked 
|   6|0x0000000080600000, 0x0000000080700000, 0x0000000080700000|100%| O|  |TAMS 0x0000000080700000, 0x0000000080600000| Untracked 
|   7|0x0000000080700000, 0x0000000080800000, 0x0000000080800000|100%| O|  |TAMS 0x0000000080800000, 0x0000000080700000| Untracked 
|   8|0x0000000080800000, 0x0000000080900000, 0x0000000080900000|100%| O|  |TAMS 0x0000000080900000, 0x0000000080800000| Untracked 
|   9|0x0000000080900000, 0x0000000080a00000, 0x0000000080a00000|100%| O|  |TAMS 0x0000000080a00000, 0x0000000080900000| Untracked 
|  10|0x0000000080a00000, 0x0000000080b00000, 0x0000000080b00000|100%| O|  |TAMS 0x0000000080b00000, 0x0000000080a00000| Untracked 
|  11|0x0000000080b00000, 0x0000000080c00000, 0x0000000080c00000|100%| O|  |TAMS 0x0000000080c00000, 0x0000000080b00000| Untracked 
|  12|0x0000000080c00000, 0x0000000080d00000, 0x0000000080d00000|100%| O|  |TAMS 0x0000000080d00000, 0x0000000080c00000| Untracked 
|  13|0x0000000080d00000, 0x0000000080e00000, 0x0000000080e00000|100%| O|  |TAMS 0x0000000080e00000, 0x0000000080d00000| Untracked 
|  14|0x0000000080e00000, 0x0000000080f00000, 0x0000000080f00000|100%| O|  |TAMS 0x0000000080f00000, 0x0000000080e00000| Untracked 
|  15|0x0000000080f00000, 0x0000000081000000, 0x0000000081000000|100%| O|  |TAMS 0x0000000081000000, 0x0000000080f00000| Untracked 
|  16|0x0000000081000000, 0x0000000081100000, 0x0000000081100000|100%| O|  |TAMS 0x0000000081100000, 0x0000000081000000| Untracked 
|  17|0x0000000081100000, 0x0000000081200000, 0x0000000081200000|100%| O|  |TAMS 0x0000000081200000, 0x0000000081100000| Untracked 
|  18|0x0000000081200000, 0x0000000081300000, 0x0000000081300000|100%| O|  |TAMS 0x0000000081300000, 0x0000000081200000| Untracked 
|  19|0x0000000081300000, 0x0000000081400000, 0x0000000081400000|100%| O|  |TAMS 0x0000000081400000, 0x0000000081300000| Untracked 
|  20|0x0000000081400000, 0x0000000081500000, 0x0000000081500000|100%|HS|  |TAMS 0x0000000081500000, 0x0000000081400000| Complete 
|  21|0x0000000081500000, 0x0000000081600000, 0x0000000081600000|100%|HC|  |TAMS 0x0000000081600000, 0x0000000081500000| Complete 
|  22|0x0000000081600000, 0x0000000081700000, 0x0000000081700000|100%|HC|  |TAMS 0x0000000081700000, 0x0000000081600000| Complete 
|  23|0x0000000081700000, 0x0000000081800000, 0x0000000081800000|100%|HC|  |TAMS 0x0000000081800000, 0x0000000081700000| Complete 
|  24|0x0000000081800000, 0x0000000081900000, 0x0000000081900000|100%|HC|  |TAMS 0x0000000081900000, 0x0000000081800000| Complete 
|  25|0x0000000081900000, 0x0000000081a00000, 0x0000000081a00000|100%|HS|  |TAMS 0x0000000081a00000, 0x0000000081900000| Complete 
|  26|0x0000000081a00000, 0x0000000081b00000, 0x0000000081b00000|100%|HC|  |TAMS 0x0000000081b00000, 0x0000000081a00000| Complete 
|  27|0x0000000081b00000, 0x0000000081c00000, 0x0000000081c00000|100%|HC|  |TAMS 0x0000000081c00000, 0x0000000081b00000| Complete 
|  28|0x0000000081c00000, 0x0000000081d00000, 0x0000000081d00000|100%|HS|  |TAMS 0x0000000081d00000, 0x0000000081c00000| Complete 
|  29|0x0000000081d00000, 0x0000000081e00000, 0x0000000081e00000|100%|HC|  |TAMS 0x0000000081e00000, 0x0000000081d00000| Complete 
|  30|0x0000000081e00000, 0x0000000081f00000, 0x0000000081f00000|100%|HC|  |TAMS 0x0000000081f00000, 0x0000000081e00000| Complete 
|  31|0x0000000081f00000, 0x0000000082000000, 0x0000000082000000|100%| O|  |TAMS 0x0000000082000000, 0x0000000081f00000| Untracked 
|  32|0x0000000082000000, 0x0000000082100000, 0x0000000082100000|100%| O|  |TAMS 0x0000000082100000, 0x0000000082000000| Untracked 
|  33|0x0000000082100000, 0x0000000082200000, 0x0000000082200000|100%| O|  |TAMS 0x0000000082200000, 0x0000000082100000| Untracked 
|  34|0x0000000082200000, 0x0000000082300000, 0x0000000082300000|100%|HS|  |TAMS 0x0000000082300000, 0x0000000082200000| Complete 
|  35|0x0000000082300000, 0x0000000082400000, 0x0000000082400000|100%| O|  |TAMS 0x0000000082400000, 0x0000000082300000| Untracked 
|  36|0x0000000082400000, 0x0000000082500000, 0x0000000082500000|100%| O|  |TAMS 0x0000000082500000, 0x0000000082400000| Untracked 
|  37|0x0000000082500000, 0x0000000082600000, 0x0000000082600000|100%| O|  |TAMS 0x0000000082600000, 0x0000000082500000| Untracked 
|  38|0x0000000082600000, 0x0000000082700000, 0x0000000082700000|100%| O|  |TAMS 0x0000000082600000, 0x0000000082600000| Untracked 
|  39|0x0000000082700000, 0x0000000082800000, 0x0000000082800000|100%| O|  |TAMS 0x0000000082800000, 0x0000000082700000| Untracked 
|  40|0x0000000082800000, 0x0000000082900000, 0x0000000082900000|100%| O|  |TAMS 0x0000000082900000, 0x0000000082800000| Untracked 
|  41|0x0000000082900000, 0x0000000082a00000, 0x0000000082a00000|100%| O|  |TAMS 0x0000000082a00000, 0x0000000082900000| Untracked 
|  42|0x0000000082a00000, 0x0000000082b00000, 0x0000000082b00000|100%| O|  |TAMS 0x0000000082b00000, 0x0000000082a00000| Untracked 
|  43|0x0000000082b00000, 0x0000000082c00000, 0x0000000082c00000|100%| O|  |TAMS 0x0000000082c00000, 0x0000000082b00000| Untracked 
|  44|0x0000000082c00000, 0x0000000082d00000, 0x0000000082d00000|100%| O|  |TAMS 0x0000000082d00000, 0x0000000082c00000| Untracked 
|  45|0x0000000082d00000, 0x0000000082e00000, 0x0000000082e00000|100%| O|  |TAMS 0x0000000082e00000, 0x0000000082d00000| Untracked 
|  46|0x0000000082e00000, 0x0000000082f00000, 0x0000000082f00000|100%| O|  |TAMS 0x0000000082f00000, 0x0000000082e00000| Untracked 
|  47|0x0000000082f00000, 0x0000000083000000, 0x0000000083000000|100%|HS|  |TAMS 0x0000000083000000, 0x0000000082f00000| Complete 
|  48|0x0000000083000000, 0x0000000083100000, 0x0000000083100000|100%|HC|  |TAMS 0x0000000083100000, 0x0000000083000000| Complete 
|  49|0x0000000083100000, 0x0000000083200000, 0x0000000083200000|100%|HC|  |TAMS 0x0000000083200000, 0x0000000083100000| Complete 
|  50|0x0000000083200000, 0x0000000083300000, 0x0000000083300000|100%| O|  |TAMS 0x0000000083300000, 0x0000000083200000| Untracked 
|  51|0x0000000083300000, 0x0000000083400000, 0x0000000083400000|100%| O|  |TAMS 0x0000000083400000, 0x0000000083300000| Untracked 
|  52|0x0000000083400000, 0x0000000083500000, 0x0000000083500000|100%| O|  |TAMS 0x0000000083400000, 0x0000000083400000| Untracked 
|  53|0x0000000083500000, 0x0000000083600000, 0x0000000083600000|100%|HS|  |TAMS 0x0000000083600000, 0x0000000083500000| Complete 
|  54|0x0000000083600000, 0x0000000083700000, 0x0000000083700000|100%|HC|  |TAMS 0x0000000083700000, 0x0000000083600000| Complete 
|  55|0x0000000083700000, 0x0000000083800000, 0x0000000083800000|100%|HC|  |TAMS 0x0000000083800000, 0x0000000083700000| Complete 
|  56|0x0000000083800000, 0x0000000083900000, 0x0000000083900000|100%|HC|  |TAMS 0x0000000083900000, 0x0000000083800000| Complete 
|  57|0x0000000083900000, 0x0000000083a00000, 0x0000000083a00000|100%|HC|  |TAMS 0x0000000083a00000, 0x0000000083900000| Complete 
|  58|0x0000000083a00000, 0x0000000083b00000, 0x0000000083b00000|100%| O|  |TAMS 0x0000000083b00000, 0x0000000083a00000| Untracked 
|  59|0x0000000083b00000, 0x0000000083c00000, 0x0000000083c00000|100%|HS|  |TAMS 0x0000000083c00000, 0x0000000083b00000| Complete 
|  60|0x0000000083c00000, 0x0000000083d00000, 0x0000000083d00000|100%|HC|  |TAMS 0x0000000083d00000, 0x0000000083c00000| Complete 
|  61|0x0000000083d00000, 0x0000000083e00000, 0x0000000083e00000|100%|HC|  |TAMS 0x0000000083e00000, 0x0000000083d00000| Complete 
|  62|0x0000000083e00000, 0x0000000083f00000, 0x0000000083f00000|100%|HC|  |TAMS 0x0000000083f00000, 0x0000000083e00000| Complete 
|  63|0x0000000083f00000, 0x0000000084000000, 0x0000000084000000|100%|HC|  |TAMS 0x0000000084000000, 0x0000000083f00000| Complete 
|  64|0x0000000084000000, 0x0000000084100000, 0x0000000084100000|100%| O|  |TAMS 0x0000000084100000, 0x0000000084000000| Untracked 
|  65|0x0000000084100000, 0x0000000084200000, 0x0000000084200000|100%| O|  |TAMS 0x0000000084200000, 0x0000000084100000| Untracked 
|  66|0x0000000084200000, 0x0000000084300000, 0x0000000084300000|100%| O|  |TAMS 0x0000000084300000, 0x0000000084200000| Untracked 
|  67|0x0000000084300000, 0x0000000084400000, 0x0000000084400000|100%| O|  |TAMS 0x0000000084400000, 0x0000000084300000| Untracked 
|  68|0x0000000084400000, 0x0000000084500000, 0x0000000084500000|100%| O|  |TAMS 0x0000000084500000, 0x0000000084400000| Untracked 
|  69|0x0000000084500000, 0x0000000084600000, 0x0000000084600000|100%| O|  |TAMS 0x0000000084600000, 0x0000000084500000| Untracked 
|  70|0x0000000084600000, 0x0000000084700000, 0x0000000084700000|100%| O|  |TAMS 0x0000000084700000, 0x0000000084600000| Untracked 
|  71|0x0000000084700000, 0x0000000084700000, 0x0000000084800000|  0%| F|  |TAMS 0x0000000084700000, 0x0000000084700000| Untracked 
|  72|0x0000000084800000, 0x0000000084900000, 0x0000000084900000|100%| O|  |TAMS 0x0000000084900000, 0x0000000084800000| Untracked 
|  73|0x0000000084900000, 0x0000000084a00000, 0x0000000084a00000|100%| O|  |TAMS 0x0000000084a00000, 0x0000000084900000| Untracked 
|  74|0x0000000084a00000, 0x0000000084b00000, 0x0000000084b00000|100%| O|  |TAMS 0x0000000084b00000, 0x0000000084a00000| Untracked 
|  75|0x0000000084b00000, 0x0000000084c00000, 0x0000000084c00000|100%| O|  |TAMS 0x0000000084c00000, 0x0000000084b00000| Untracked 
|  76|0x0000000084c00000, 0x0000000084d00000, 0x0000000084d00000|100%| O|  |TAMS 0x0000000084d00000, 0x0000000084c00000| Untracked 
|  77|0x0000000084d00000, 0x0000000084e00000, 0x0000000084e00000|100%| O|  |TAMS 0x0000000084e00000, 0x0000000084d00000| Untracked 
|  78|0x0000000084e00000, 0x0000000084f00000, 0x0000000084f00000|100%| O|  |TAMS 0x0000000084f00000, 0x0000000084e00000| Untracked 
|  79|0x0000000084f00000, 0x0000000085000000, 0x0000000085000000|100%| O|  |TAMS 0x0000000085000000, 0x0000000084f00000| Untracked 
|  80|0x0000000085000000, 0x0000000085100000, 0x0000000085100000|100%| O|  |TAMS 0x0000000085100000, 0x0000000085000000| Untracked 
|  81|0x0000000085100000, 0x0000000085100000, 0x0000000085200000|  0%| F|  |TAMS 0x0000000085100000, 0x0000000085100000| Untracked 
|  82|0x0000000085200000, 0x0000000085200000, 0x0000000085300000|  0%| F|  |TAMS 0x0000000085200000, 0x0000000085200000| Untracked 
|  83|0x0000000085300000, 0x0000000085300000, 0x0000000085400000|  0%| F|  |TAMS 0x0000000085300000, 0x0000000085300000| Untracked 
|  84|0x0000000085400000, 0x0000000085500000, 0x0000000085500000|100%| O|  |TAMS 0x0000000085400000, 0x0000000085400000| Untracked 
|  85|0x0000000085500000, 0x0000000085600000, 0x0000000085600000|100%| O|  |TAMS 0x0000000085500000, 0x0000000085500000| Untracked 
|  86|0x0000000085600000, 0x0000000085700000, 0x0000000085700000|100%| O|  |TAMS 0x0000000085600000, 0x0000000085600000| Untracked 
|  87|0x0000000085700000, 0x0000000085800000, 0x0000000085800000|100%| O|  |TAMS 0x0000000085800000, 0x0000000085700000| Untracked 
|  88|0x0000000085800000, 0x0000000085900000, 0x0000000085900000|100%| O|  |TAMS 0x0000000085900000, 0x0000000085800000| Untracked 
|  89|0x0000000085900000, 0x0000000085a00000, 0x0000000085a00000|100%| O|  |TAMS 0x00000000859e5600, 0x0000000085900000| Untracked 
|  90|0x0000000085a00000, 0x0000000085b00000, 0x0000000085b00000|100%| O|  |TAMS 0x0000000085a00000, 0x0000000085a00000| Untracked 
|  91|0x0000000085b00000, 0x0000000085c00000, 0x0000000085c00000|100%| O|  |TAMS 0x0000000085b00000, 0x0000000085b00000| Untracked 
|  92|0x0000000085c00000, 0x0000000085d00000, 0x0000000085d00000|100%| O|  |TAMS 0x0000000085c00000, 0x0000000085c00000| Untracked 
|  93|0x0000000085d00000, 0x0000000085e00000, 0x0000000085e00000|100%| O|  |TAMS 0x0000000085d00000, 0x0000000085d00000| Untracked 
|  94|0x0000000085e00000, 0x0000000085f00000, 0x0000000085f00000|100%| O|  |TAMS 0x0000000085e00000, 0x0000000085e00000| Untracked 
|  95|0x0000000085f00000, 0x0000000086000000, 0x0000000086000000|100%| O|  |TAMS 0x0000000085f00000, 0x0000000085f00000| Untracked 
|  96|0x0000000086000000, 0x0000000086100000, 0x0000000086100000|100%| O|  |TAMS 0x0000000086000000, 0x0000000086000000| Untracked 
|  97|0x0000000086100000, 0x0000000086200000, 0x0000000086200000|100%| O|  |TAMS 0x0000000086100000, 0x0000000086100000| Untracked 
|  98|0x0000000086200000, 0x0000000086300000, 0x0000000086300000|100%| O|  |TAMS 0x0000000086200000, 0x0000000086200000| Untracked 
|  99|0x0000000086300000, 0x0000000086400000, 0x0000000086400000|100%| O|  |TAMS 0x0000000086300000, 0x0000000086300000| Untracked 
| 100|0x0000000086400000, 0x0000000086500000, 0x0000000086500000|100%| O|  |TAMS 0x0000000086400000, 0x0000000086400000| Untracked 
| 101|0x0000000086500000, 0x0000000086600000, 0x0000000086600000|100%| O|  |TAMS 0x0000000086500000, 0x0000000086500000| Untracked 
| 102|0x0000000086600000, 0x000000008665d600, 0x0000000086700000| 36%| O|  |TAMS 0x0000000086600000, 0x0000000086600000| Untracked 
| 103|0x0000000086700000, 0x0000000086700000, 0x0000000086800000|  0%| F|  |TAMS 0x0000000086700000, 0x0000000086700000| Untracked 
| 104|0x0000000086800000, 0x0000000086800000, 0x0000000086900000|  0%| F|  |TAMS 0x0000000086800000, 0x0000000086800000| Untracked 
| 105|0x0000000086900000, 0x0000000086900000, 0x0000000086a00000|  0%| F|  |TAMS 0x0000000086900000, 0x0000000086900000| Untracked 
| 106|0x0000000086a00000, 0x0000000086a00000, 0x0000000086b00000|  0%| F|  |TAMS 0x0000000086a00000, 0x0000000086a00000| Untracked 
| 107|0x0000000086b00000, 0x0000000086b00000, 0x0000000086c00000|  0%| F|  |TAMS 0x0000000086b00000, 0x0000000086b00000| Untracked 
| 108|0x0000000086c00000, 0x0000000086c00000, 0x0000000086d00000|  0%| F|  |TAMS 0x0000000086c00000, 0x0000000086c00000| Untracked 
| 109|0x0000000086d00000, 0x0000000086d00000, 0x0000000086e00000|  0%| F|  |TAMS 0x0000000086d00000, 0x0000000086d00000| Untracked 
| 110|0x0000000086e00000, 0x0000000086e00000, 0x0000000086f00000|  0%| F|  |TAMS 0x0000000086e00000, 0x0000000086e00000| Untracked 
| 111|0x0000000086f00000, 0x0000000086f00000, 0x0000000087000000|  0%| F|  |TAMS 0x0000000086f00000, 0x0000000086f00000| Untracked 
| 112|0x0000000087000000, 0x0000000087000000, 0x0000000087100000|  0%| F|  |TAMS 0x0000000087000000, 0x0000000087000000| Untracked 
| 113|0x0000000087100000, 0x0000000087100000, 0x0000000087200000|  0%| F|  |TAMS 0x0000000087100000, 0x0000000087100000| Untracked 
| 114|0x0000000087200000, 0x0000000087200000, 0x0000000087300000|  0%| F|  |TAMS 0x0000000087200000, 0x0000000087200000| Untracked 
| 115|0x0000000087300000, 0x0000000087300000, 0x0000000087400000|  0%| F|  |TAMS 0x0000000087300000, 0x0000000087300000| Untracked 
| 116|0x0000000087400000, 0x0000000087400000, 0x0000000087500000|  0%| F|  |TAMS 0x0000000087400000, 0x0000000087400000| Untracked 
| 117|0x0000000087500000, 0x0000000087500000, 0x0000000087600000|  0%| F|  |TAMS 0x0000000087500000, 0x0000000087500000| Untracked 
| 118|0x0000000087600000, 0x0000000087600000, 0x0000000087700000|  0%| F|  |TAMS 0x0000000087600000, 0x0000000087600000| Untracked 
| 119|0x0000000087700000, 0x0000000087700000, 0x0000000087800000|  0%| F|  |TAMS 0x0000000087700000, 0x0000000087700000| Untracked 
| 120|0x0000000087800000, 0x0000000087800000, 0x0000000087900000|  0%| F|  |TAMS 0x0000000087800000, 0x0000000087800000| Untracked 
| 121|0x0000000087900000, 0x0000000087900000, 0x0000000087a00000|  0%| F|  |TAMS 0x0000000087900000, 0x0000000087900000| Untracked 
| 122|0x0000000087a00000, 0x0000000087a00000, 0x0000000087b00000|  0%| F|  |TAMS 0x0000000087a00000, 0x0000000087a00000| Untracked 
| 123|0x0000000087b00000, 0x0000000087b00000, 0x0000000087c00000|  0%| F|  |TAMS 0x0000000087b00000, 0x0000000087b00000| Untracked 
| 124|0x0000000087c00000, 0x0000000087c00000, 0x0000000087d00000|  0%| F|  |TAMS 0x0000000087c00000, 0x0000000087c00000| Untracked 
| 125|0x0000000087d00000, 0x0000000087d00000, 0x0000000087e00000|  0%| F|  |TAMS 0x0000000087d00000, 0x0000000087d00000| Untracked 
| 126|0x0000000087e00000, 0x0000000087e00000, 0x0000000087f00000|  0%| F|  |TAMS 0x0000000087e00000, 0x0000000087e00000| Untracked 
| 127|0x0000000087f00000, 0x0000000087f00000, 0x0000000088000000|  0%| F|  |TAMS 0x0000000087f00000, 0x0000000087f00000| Untracked 
| 128|0x0000000088000000, 0x0000000088000000, 0x0000000088100000|  0%| F|  |TAMS 0x0000000088000000, 0x0000000088000000| Untracked 
| 129|0x0000000088100000, 0x0000000088100000, 0x0000000088200000|  0%| F|  |TAMS 0x0000000088100000, 0x0000000088100000| Untracked 
| 130|0x0000000088200000, 0x0000000088200000, 0x0000000088300000|  0%| F|  |TAMS 0x0000000088200000, 0x0000000088200000| Untracked 
| 131|0x0000000088300000, 0x0000000088300000, 0x0000000088400000|  0%| F|  |TAMS 0x0000000088300000, 0x0000000088300000| Untracked 
| 132|0x0000000088400000, 0x0000000088400000, 0x0000000088500000|  0%| F|  |TAMS 0x0000000088400000, 0x0000000088400000| Untracked 
| 133|0x0000000088500000, 0x0000000088500000, 0x0000000088600000|  0%| F|  |TAMS 0x0000000088500000, 0x0000000088500000| Untracked 
| 134|0x0000000088600000, 0x0000000088600000, 0x0000000088700000|  0%| F|  |TAMS 0x0000000088600000, 0x0000000088600000| Untracked 
| 135|0x0000000088700000, 0x0000000088700000, 0x0000000088800000|  0%| F|  |TAMS 0x0000000088700000, 0x0000000088700000| Untracked 
| 136|0x0000000088800000, 0x0000000088800000, 0x0000000088900000|  0%| F|  |TAMS 0x0000000088800000, 0x0000000088800000| Untracked 
| 137|0x0000000088900000, 0x0000000088900000, 0x0000000088a00000|  0%| F|  |TAMS 0x0000000088900000, 0x0000000088900000| Untracked 
| 138|0x0000000088a00000, 0x0000000088a00000, 0x0000000088b00000|  0%| F|  |TAMS 0x0000000088a00000, 0x0000000088a00000| Untracked 
| 139|0x0000000088b00000, 0x0000000088b00000, 0x0000000088c00000|  0%| F|  |TAMS 0x0000000088b00000, 0x0000000088b00000| Untracked 
| 140|0x0000000088c00000, 0x0000000088c00000, 0x0000000088d00000|  0%| F|  |TAMS 0x0000000088c00000, 0x0000000088c00000| Untracked 
| 141|0x0000000088d00000, 0x0000000088d00000, 0x0000000088e00000|  0%| F|  |TAMS 0x0000000088d00000, 0x0000000088d00000| Untracked 
| 142|0x0000000088e00000, 0x0000000088e00000, 0x0000000088f00000|  0%| F|  |TAMS 0x0000000088e00000, 0x0000000088e00000| Untracked 
| 143|0x0000000088f00000, 0x0000000088f00000, 0x0000000089000000|  0%| F|  |TAMS 0x0000000088f00000, 0x0000000088f00000| Untracked 
| 144|0x0000000089000000, 0x0000000089000000, 0x0000000089100000|  0%| F|  |TAMS 0x0000000089000000, 0x0000000089000000| Untracked 
| 145|0x0000000089100000, 0x0000000089100000, 0x0000000089200000|  0%| F|  |TAMS 0x0000000089100000, 0x0000000089100000| Untracked 
| 146|0x0000000089200000, 0x0000000089200000, 0x0000000089300000|  0%| F|  |TAMS 0x0000000089200000, 0x0000000089200000| Untracked 
| 147|0x0000000089300000, 0x0000000089300000, 0x0000000089400000|  0%| F|  |TAMS 0x0000000089300000, 0x0000000089300000| Untracked 
| 148|0x0000000089400000, 0x0000000089400000, 0x0000000089500000|  0%| F|  |TAMS 0x0000000089400000, 0x0000000089400000| Untracked 
| 149|0x0000000089500000, 0x0000000089500000, 0x0000000089600000|  0%| F|  |TAMS 0x0000000089500000, 0x0000000089500000| Untracked 
| 150|0x0000000089600000, 0x0000000089600000, 0x0000000089700000|  0%| F|  |TAMS 0x0000000089600000, 0x0000000089600000| Untracked 
| 151|0x0000000089700000, 0x0000000089700000, 0x0000000089800000|  0%| F|  |TAMS 0x0000000089700000, 0x0000000089700000| Untracked 
| 152|0x0000000089800000, 0x0000000089800000, 0x0000000089900000|  0%| F|  |TAMS 0x0000000089800000, 0x0000000089800000| Untracked 
| 153|0x0000000089900000, 0x0000000089900000, 0x0000000089a00000|  0%| F|  |TAMS 0x0000000089900000, 0x0000000089900000| Untracked 
| 154|0x0000000089a00000, 0x0000000089a00000, 0x0000000089b00000|  0%| F|  |TAMS 0x0000000089a00000, 0x0000000089a00000| Untracked 
| 155|0x0000000089b00000, 0x0000000089b00000, 0x0000000089c00000|  0%| F|  |TAMS 0x0000000089b00000, 0x0000000089b00000| Untracked 
| 156|0x0000000089c00000, 0x0000000089c00000, 0x0000000089d00000|  0%| F|  |TAMS 0x0000000089c00000, 0x0000000089c00000| Untracked 
| 195|0x000000008c300000, 0x000000008c300000, 0x000000008c400000|  0%| F|  |TAMS 0x000000008c300000, 0x000000008c300000| Untracked 
| 196|0x000000008c400000, 0x000000008c400000, 0x000000008c500000|  0%| F|  |TAMS 0x000000008c400000, 0x000000008c400000| Untracked 
| 197|0x000000008c500000, 0x000000008c500000, 0x000000008c600000|  0%| F|  |TAMS 0x000000008c500000, 0x000000008c500000| Untracked 
| 198|0x000000008c600000, 0x000000008c600000, 0x000000008c700000|  0%| F|  |TAMS 0x000000008c600000, 0x000000008c600000| Untracked 
| 199|0x000000008c700000, 0x000000008c800000, 0x000000008c800000|100%| S|CS|TAMS 0x000000008c700000, 0x000000008c700000| Complete 
| 200|0x000000008c800000, 0x000000008c800000, 0x000000008c900000|  0%| F|  |TAMS 0x000000008c800000, 0x000000008c800000| Untracked 
| 201|0x000000008c900000, 0x000000008c900000, 0x000000008ca00000|  0%| F|  |TAMS 0x000000008c900000, 0x000000008c900000| Untracked 
| 202|0x000000008ca00000, 0x000000008ca00000, 0x000000008cb00000|  0%| F|  |TAMS 0x000000008ca00000, 0x000000008ca00000| Untracked 
| 203|0x000000008cb00000, 0x000000008cb00000, 0x000000008cc00000|  0%| F|  |TAMS 0x000000008cb00000, 0x000000008cb00000| Untracked 
| 253|0x000000008fd00000, 0x000000008fd00000, 0x000000008fe00000|  0%| F|  |TAMS 0x000000008fd00000, 0x000000008fd00000| Untracked 

Card table byte_map: [0x00000217dcd80000,0x00000217dd180000] _byte_map_base: 0x00000217dc980000

Marking Bits (Prev, Next): (CMBitMap*) 0x00000217c9fbaf00, (CMBitMap*) 0x00000217c9fbaf40
 Prev Bits: [0x00000217dd580000, 0x00000217df580000)
 Next Bits: [0x00000217df580000, 0x00000217e1580000)

Polling page: 0x00000217c7cb0000

Metaspace:

Usage:
  Non-class:     67.34 MB used.
      Class:     11.04 MB used.
       Both:     78.38 MB used.

Virtual space:
  Non-class space:      128.00 MB reserved,      67.75 MB ( 53%) committed,  2 nodes.
      Class space:        1.00 GB reserved,      11.38 MB (  1%) committed,  1 nodes.
             Both:        1.12 GB reserved,      79.12 MB (  7%) committed. 

Chunk freelists:
   Non-Class:  12.08 MB
       Class:  4.59 MB
        Both:  16.67 MB

MaxMetaspaceSize: unlimited
CompressedClassSpaceSize: 1.00 GB
Initial GC threshold: 21.00 MB
Current GC threshold: 131.88 MB
CDS: off
MetaspaceReclaimPolicy: balanced
 - commit_granule_bytes: 65536.
 - commit_granule_words: 8192.
 - virtual_space_node_default_size: 8388608.
 - enlarge_chunks_in_place: 1.
 - new_chunks_are_fully_committed: 0.
 - uncommit_free_chunks: 1.
 - use_allocation_guard: 0.
 - handle_deallocations: 1.


Internal statistics:

num_allocs_failed_limit: 3.
num_arena_births: 848.
num_arena_deaths: 0.
num_vsnodes_births: 3.
num_vsnodes_deaths: 0.
num_space_committed: 1264.
num_space_uncommitted: 0.
num_chunks_returned_to_freelist: 3.
num_chunks_taken_from_freelist: 3661.
num_chunk_merges: 3.
num_chunk_splits: 2527.
num_chunks_enlarged: 1824.
num_inconsistent_stats: 0.

CodeHeap 'non-profiled nmethods': size=120000Kb used=3171Kb max_used=3427Kb free=116828Kb
 bounds [0x00000217d4f00000, 0x00000217d5260000, 0x00000217dc430000]
CodeHeap 'profiled nmethods': size=120000Kb used=12187Kb max_used=13427Kb free=107812Kb
 bounds [0x00000217cd430000, 0x00000217ce150000, 0x00000217d4960000]
CodeHeap 'non-nmethods': size=5760Kb used=2372Kb max_used=2421Kb free=3387Kb
 bounds [0x00000217d4960000, 0x00000217d4bd0000, 0x00000217d4f00000]
 total_blobs=7641 nmethods=6738 adapters=814
 compilation: enabled
              stopped_count=0, restarted_count=0
 full_count=0

Compilation events (20 events):
Event: 12.387 Thread 0x00000217e440b8f0 nmethod 7503 0x00000217d50b7e10 code [0x00000217d50b7fa0, 0x00000217d50b8128]
Event: 12.387 Thread 0x00000217e440b8f0 7505       4       org.jetbrains.kotlin.com.intellij.openapi.vfs.impl.ArchiveHandler::processEntry (225 bytes)
Event: 12.395 Thread 0x00000217e4426410 7594       1       org.jetbrains.kotlin.com.intellij.util.containers.hash.LinkedHashMap$Entry::access$200 (5 bytes)
Event: 12.395 Thread 0x00000217e4426410 nmethod 7594 0x00000217d50b7b10 code [0x00000217d50b7ca0, 0x00000217d50b7d58]
Event: 12.397 Thread 0x00000217e4426410 7595       3       org.jetbrains.kotlin.com.intellij.openapi.vfs.impl.ZipEntryMap::isTheOne (139 bytes)
Event: 12.397 Thread 0x00000217e4426410 nmethod 7595 0x00000217cd784590 code [0x00000217cd7847e0, 0x00000217cd785168]
Event: 12.432 Thread 0x00000217e4426410 7598   !   3       java.util.zip.ZipFile$CleanableResource::run (251 bytes)
Event: 12.433 Thread 0x00000217e4426410 nmethod 7598 0x00000217cd80c810 code [0x00000217cd80cac0, 0x00000217cd80db38]
Event: 12.433 Thread 0x00000217e4426410 7599       3       java.util.Collections$SetFromMap::isEmpty (10 bytes)
Event: 12.433 Thread 0x00000217e4426410 nmethod 7599 0x00000217cd98bd90 code [0x00000217cd98bf40, 0x00000217cd98c108]
Event: 12.448 Thread 0x00000217e4426410 7600 %     3       org.jetbrains.kotlin.com.intellij.openapi.vfs.impl.ZipEntryMap::put @ 33 (80 bytes)
Event: 12.448 Thread 0x00000217e4426410 nmethod 7600% 0x00000217cd789e10 code [0x00000217cd78a040, 0x00000217cd78a8a8]
Event: 12.457 Thread 0x00000217e4426410 7601       3       org.jetbrains.kotlin.com.intellij.openapi.vfs.impl.ZipEntryMap::put (80 bytes)
Event: 12.458 Thread 0x00000217e4426410 nmethod 7601 0x00000217cd44a010 code [0x00000217cd44a240, 0x00000217cd44a9e8]
Event: 12.463 Thread 0x00000217e4426410 7602       3       org.jetbrains.kotlin.com.intellij.reference.SoftReference::<init> (6 bytes)
Event: 12.464 Thread 0x00000217e4426410 nmethod 7602 0x00000217cd620810 code [0x00000217cd6209e0, 0x00000217cd620d78]
Event: 12.467 Thread 0x00000217e4426410 7603       3       org.jetbrains.kotlin.com.intellij.util.containers.hash.LinkedHashMap::remove (174 bytes)
Event: 12.468 Thread 0x00000217e4426410 nmethod 7603 0x00000217cd4cd890 code [0x00000217cd4cdb40, 0x00000217cd4ceca8]
Event: 12.477 Thread 0x00000217e4426410 7604       1       org.jetbrains.kotlin.com.intellij.util.containers.hash.LinkedHashMap$Entry::access$300 (5 bytes)
Event: 12.477 Thread 0x00000217e4426410 nmethod 7604 0x00000217d50b7810 code [0x00000217d50b79a0, 0x00000217d50b7a58]

GC Heap History (20 events):
Event: 9.133 GC heap after
{Heap after GC invocations=38 (full 0):
 garbage-first heap   total 137216K, used 80135K [0x0000000080000000, 0x0000000100000000)
  region size 1024K, 4 young (4096K), 4 survivors (4096K)
 Metaspace       used 62382K, committed 63040K, reserved 1114112K
  class space    used 8517K, committed 8832K, reserved 1048576K
}
Event: 9.156 GC heap before
{Heap before GC invocations=38 (full 0):
 garbage-first heap   total 137216K, used 82183K [0x0000000080000000, 0x0000000100000000)
  region size 1024K, 6 young (6144K), 4 survivors (4096K)
 Metaspace       used 62394K, committed 63040K, reserved 1114112K
  class space    used 8517K, committed 8832K, reserved 1048576K
}
Event: 9.159 GC heap after
{Heap after GC invocations=39 (full 0):
 garbage-first heap   total 137216K, used 80620K [0x0000000080000000, 0x0000000100000000)
  region size 1024K, 1 young (1024K), 1 survivors (1024K)
 Metaspace       used 62394K, committed 63040K, reserved 1114112K
  class space    used 8517K, committed 8832K, reserved 1048576K
}
Event: 9.493 GC heap before
{Heap before GC invocations=39 (full 0):
 garbage-first heap   total 137216K, used 108268K [0x0000000080000000, 0x0000000100000000)
  region size 1024K, 28 young (28672K), 1 survivors (1024K)
 Metaspace       used 67014K, committed 67648K, reserved 1114112K
  class space    used 9576K, committed 9856K, reserved 1048576K
}
Event: 9.494 GC heap after
{Heap after GC invocations=40 (full 0):
 garbage-first heap   total 137216K, used 81081K [0x0000000080000000, 0x0000000100000000)
  region size 1024K, 2 young (2048K), 2 survivors (2048K)
 Metaspace       used 67014K, committed 67648K, reserved 1114112K
  class space    used 9576K, committed 9856K, reserved 1048576K
}
Event: 10.031 GC heap before
{Heap before GC invocations=41 (full 0):
 garbage-first heap   total 142336K, used 109753K [0x0000000080000000, 0x0000000100000000)
  region size 1024K, 30 young (30720K), 2 survivors (2048K)
 Metaspace       used 70093K, committed 70720K, reserved 1114112K
  class space    used 10009K, committed 10304K, reserved 1048576K
}
Event: 10.032 GC heap after
{Heap after GC invocations=42 (full 0):
 garbage-first heap   total 142336K, used 81612K [0x0000000080000000, 0x0000000100000000)
  region size 1024K, 2 young (2048K), 2 survivors (2048K)
 Metaspace       used 70093K, committed 70720K, reserved 1114112K
  class space    used 10009K, committed 10304K, reserved 1048576K
}
Event: 10.125 GC heap before
{Heap before GC invocations=42 (full 0):
 garbage-first heap   total 142336K, used 85708K [0x0000000080000000, 0x0000000100000000)
  region size 1024K, 6 young (6144K), 2 survivors (2048K)
 Metaspace       used 70601K, committed 71232K, reserved 1114112K
  class space    used 10083K, committed 10368K, reserved 1048576K
}
Event: 10.127 GC heap after
{Heap after GC invocations=43 (full 0):
 garbage-first heap   total 142336K, used 81311K [0x0000000080000000, 0x0000000100000000)
  region size 1024K, 1 young (1024K), 1 survivors (1024K)
 Metaspace       used 70601K, committed 71232K, reserved 1114112K
  class space    used 10083K, committed 10368K, reserved 1048576K
}
Event: 11.367 GC heap before
{Heap before GC invocations=43 (full 0):
 garbage-first heap   total 142336K, used 116127K [0x0000000080000000, 0x0000000100000000)
  region size 1024K, 35 young (35840K), 1 survivors (1024K)
 Metaspace       used 75506K, committed 76160K, reserved 1114112K
  class space    used 10685K, committed 10944K, reserved 1048576K
}
Event: 11.368 GC heap after
{Heap after GC invocations=44 (full 0):
 garbage-first heap   total 142336K, used 81930K [0x0000000080000000, 0x0000000100000000)
  region size 1024K, 1 young (1024K), 1 survivors (1024K)
 Metaspace       used 75506K, committed 76160K, reserved 1114112K
  class space    used 10685K, committed 10944K, reserved 1048576K
}
Event: 12.014 GC heap before
{Heap before GC invocations=45 (full 0):
 garbage-first heap   total 142336K, used 124938K [0x0000000080000000, 0x0000000100000000)
  region size 1024K, 36 young (36864K), 1 survivors (1024K)
 Metaspace       used 80124K, committed 80896K, reserved 1179648K
  class space    used 11295K, committed 11648K, reserved 1048576K
}
Event: 12.016 GC heap after
{Heap after GC invocations=46 (full 0):
 garbage-first heap   total 142336K, used 91452K [0x0000000080000000, 0x0000000100000000)
  region size 1024K, 4 young (4096K), 4 survivors (4096K)
 Metaspace       used 80124K, committed 80896K, reserved 1179648K
  class space    used 11295K, committed 11648K, reserved 1048576K
}
Event: 12.031 GC heap before
{Heap before GC invocations=46 (full 0):
 garbage-first heap   total 142336K, used 93500K [0x0000000080000000, 0x0000000100000000)
  region size 1024K, 6 young (6144K), 4 survivors (4096K)
 Metaspace       used 80124K, committed 80896K, reserved 1179648K
  class space    used 11295K, committed 11648K, reserved 1048576K
}
Event: 12.035 GC heap after
{Heap after GC invocations=47 (full 0):
 garbage-first heap   total 142336K, used 91874K [0x0000000080000000, 0x0000000100000000)
  region size 1024K, 1 young (1024K), 1 survivors (1024K)
 Metaspace       used 80124K, committed 80896K, reserved 1179648K
  class space    used 11295K, committed 11648K, reserved 1048576K
}
Event: 12.252 GC heap before
{Heap before GC invocations=47 (full 0):
 garbage-first heap   total 142336K, used 121570K [0x0000000080000000, 0x0000000100000000)
  region size 1024K, 29 young (29696K), 1 survivors (1024K)
 Metaspace       used 80253K, committed 81024K, reserved 1179648K
  class space    used 11300K, committed 11648K, reserved 1048576K
}
Event: 12.262 GC heap after
{Heap after GC invocations=48 (full 0):
 garbage-first heap   total 142336K, used 95685K [0x0000000080000000, 0x0000000100000000)
  region size 1024K, 4 young (4096K), 4 survivors (4096K)
 Metaspace       used 80253K, committed 81024K, reserved 1179648K
  class space    used 11300K, committed 11648K, reserved 1048576K
}
Event: 12.434 GC heap before
{Heap before GC invocations=49 (full 0):
 garbage-first heap   total 171008K, used 119237K [0x0000000080000000, 0x0000000100000000)
  region size 1024K, 23 young (23552K), 4 survivors (4096K)
 Metaspace       used 80262K, committed 81024K, reserved 1179648K
  class space    used 11301K, committed 11648K, reserved 1048576K
}
Event: 12.442 GC heap after
{Heap after GC invocations=50 (full 0):
 garbage-first heap   total 171008K, used 103734K [0x0000000080000000, 0x0000000100000000)
  region size 1024K, 3 young (3072K), 3 survivors (3072K)
 Metaspace       used 80262K, committed 81024K, reserved 1179648K
  class space    used 11301K, committed 11648K, reserved 1048576K
}
Event: 12.488 GC heap before
{Heap before GC invocations=50 (full 0):
 garbage-first heap   total 171008K, used 107830K [0x0000000080000000, 0x0000000100000000)
  region size 1024K, 8 young (8192K), 3 survivors (3072K)
 Metaspace       used 80262K, committed 81024K, reserved 1179648K
  class space    used 11301K, committed 11648K, reserved 1048576K
}

Dll operation events (3 events):
Event: 0.023 Loaded shared library D:\abcd\ad\0Work\android_studio\jbr\bin\java.dll
Event: 0.110 Loaded shared library D:\abcd\ad\0Work\android_studio\jbr\bin\zip.dll
Event: 0.281 Loaded shared library D:\abcd\ad\0Work\android_studio\jbr\bin\verify.dll

Deoptimization events (20 events):
Event: 12.188 Thread 0x00000217ea76f060 DEOPT PACKING pc=0x00000217d4f88238 sp=0x00000044c84f4880
Event: 12.188 Thread 0x00000217ea76f060 DEOPT UNPACKING pc=0x00000217d49b69a3 sp=0x00000044c84f4828 mode 2
Event: 12.225 Thread 0x00000217ea76f060 Uncommon trap: trap_request=0xffffff45 fr.pc=0x00000217d50cd9c8 relative=0x00000000000020c8
Event: 12.225 Thread 0x00000217ea76f060 Uncommon trap: reason=unstable_if action=reinterpret pc=0x00000217d50cd9c8 method=org.jetbrains.kotlin.com.intellij.util.containers.FactoryMap.getMap()Ljava/util/Map; @ 6 c2
Event: 12.225 Thread 0x00000217ea76f060 DEOPT PACKING pc=0x00000217d50cd9c8 sp=0x00000044c84f4b50
Event: 12.225 Thread 0x00000217ea76f060 DEOPT UNPACKING pc=0x00000217d49b69a3 sp=0x00000044c84f4af0 mode 2
Event: 12.340 Thread 0x00000217ea76f060 Uncommon trap: trap_request=0xffffff45 fr.pc=0x00000217d4f60520 relative=0x00000000000008a0
Event: 12.340 Thread 0x00000217ea76f060 Uncommon trap: reason=unstable_if action=reinterpret pc=0x00000217d4f60520 method=org.jetbrains.kotlin.com.intellij.openapi.vfs.impl.ZipEntryMap.isTheOne(Lorg/jetbrains/kotlin/com/intellij/openapi/vfs/impl/ArchiveHandler$EntryInfo;Ljava/lang/CharSequence;
Event: 12.340 Thread 0x00000217ea76f060 DEOPT PACKING pc=0x00000217d4f60520 sp=0x00000044c84f47c0
Event: 12.340 Thread 0x00000217ea76f060 DEOPT UNPACKING pc=0x00000217d49b69a3 sp=0x00000044c84f4718 mode 2
Event: 12.340 Thread 0x00000217ea76f060 Uncommon trap: trap_request=0xffffff45 fr.pc=0x00000217d519d50c relative=0x000000000000098c
Event: 12.340 Thread 0x00000217ea76f060 Uncommon trap: reason=unstable_if action=reinterpret pc=0x00000217d519d50c method=org.jetbrains.kotlin.com.intellij.openapi.vfs.impl.ZipEntryMap.isTheOne(Lorg/jetbrains/kotlin/com/intellij/openapi/vfs/impl/ArchiveHandler$EntryInfo;Ljava/lang/CharSequence;
Event: 12.340 Thread 0x00000217ea76f060 DEOPT PACKING pc=0x00000217d519d50c sp=0x00000044c84f4720
Event: 12.341 Thread 0x00000217ea76f060 DEOPT UNPACKING pc=0x00000217d49b69a3 sp=0x00000044c84f46a8 mode 2
Event: 12.371 Thread 0x00000217ea76f060 DEOPT PACKING pc=0x00000217cd63dbc4 sp=0x00000044c84f4a40
Event: 12.371 Thread 0x00000217ea76f060 DEOPT UNPACKING pc=0x00000217d49b7143 sp=0x00000044c84f3ea8 mode 0
Event: 12.395 Thread 0x00000217ea76f060 Uncommon trap: trap_request=0xffffff45 fr.pc=0x00000217d4f61900 relative=0x00000000000004a0
Event: 12.395 Thread 0x00000217ea76f060 Uncommon trap: reason=unstable_if action=reinterpret pc=0x00000217d4f61900 method=org.jetbrains.kotlin.com.intellij.openapi.vfs.impl.ZipEntryMap.isTheOne(Lorg/jetbrains/kotlin/com/intellij/openapi/vfs/impl/ArchiveHandler$EntryInfo;Ljava/lang/CharSequence;
Event: 12.395 Thread 0x00000217ea76f060 DEOPT PACKING pc=0x00000217d4f61900 sp=0x00000044c84f4660
Event: 12.395 Thread 0x00000217ea76f060 DEOPT UNPACKING pc=0x00000217d49b69a3 sp=0x00000044c84f4620 mode 2

Classes unloaded (0 events):
No events

Classes redefined (0 events):
No events

Internal exceptions (20 events):
Event: 9.174 Thread 0x00000217ea76f060 Exception <a 'java/lang/IncompatibleClassChangeError'{0x000000008cb65f20}: Found class java.lang.Object, but interface was expected> (0x000000008cb65f20) 
thrown [s\src\hotspot\share\interpreter\linkResolver.cpp, line 838]
Event: 9.182 Thread 0x00000217ea76f060 Exception <a 'java/lang/NoSuchMethodError'{0x000000008c939b30}: 'void java.lang.invoke.DirectMethodHandle$Holder.invokeVirtual(java.lang.Object, java.lang.Object)'> (0x000000008c939b30) 
thrown [s\src\hotspot\share\interpreter\linkResolver.cpp, line 771]
Event: 9.211 Thread 0x00000217ea76f060 Exception <a 'java/lang/NoSuchMethodError'{0x000000008c71c998}: 'java.lang.Object java.lang.invoke.DirectMethodHandle$Holder.invokeStaticInit(java.lang.Object, int)'> (0x000000008c71c998) 
thrown [s\src\hotspot\share\interpreter\linkResolver.cpp, line 771]
Event: 9.610 Thread 0x00000217ea76f060 Implicit null exception at 0x00000217d4f363f2 to 0x00000217d4f36a28
Event: 9.911 Thread 0x00000217ea76f060 Implicit null exception at 0x00000217d4f5a4d2 to 0x00000217d4f5aab8
Event: 10.263 Thread 0x00000217ea76f060 Exception <a 'sun/nio/fs/WindowsException'{0x000000008fdbe360}> (0x000000008fdbe360) 
thrown [s\src\hotspot\share\prims\jni.cpp, line 531]
Event: 10.263 Thread 0x00000217ea76f060 Exception <a 'sun/nio/fs/WindowsException'{0x000000008fdc00e8}> (0x000000008fdc00e8) 
thrown [s\src\hotspot\share\prims\jni.cpp, line 531]
Event: 10.401 Thread 0x00000217ea76f060 Exception <a 'java/lang/NoSuchMethodError'{0x0000000087e97040}: 'long java.lang.invoke.DirectMethodHandle$Holder.invokeStatic(java.lang.Object)'> (0x0000000087e97040) 
thrown [s\src\hotspot\share\interpreter\linkResolver.cpp, line 771]
Event: 10.402 Thread 0x00000217ea76f060 Exception <a 'java/lang/NoSuchMethodError'{0x0000000087e9be88}: 'long java.lang.invoke.DirectMethodHandle$Holder.invokeStaticInit(java.lang.Object)'> (0x0000000087e9be88) 
thrown [s\src\hotspot\share\interpreter\linkResolver.cpp, line 771]
Event: 10.456 Thread 0x00000217ea76f060 Exception <a 'java/lang/NoSuchMethodError'{0x00000000879fd2c8}: 'long java.lang.invoke.Invokers$Holder.invoke_MT(java.lang.Object, java.lang.Object, java.lang.Object, java.lang.Object)'> (0x00000000879fd2c8) 
thrown [s\src\hotspot\share\interpreter\linkResolver.cpp, line 771]
Event: 10.456 Thread 0x00000217ea76f060 Exception <a 'java/lang/NoSuchMethodError'{0x0000000087806e08}: 'int java.lang.invoke.Invokers$Holder.invoke_MT(java.lang.Object, java.lang.Object, java.lang.Object, java.lang.Object)'> (0x0000000087806e08) 
thrown [s\src\hotspot\share\interpreter\linkResolver.cpp, line 771]
Event: 10.457 Thread 0x00000217ea76f060 Exception <a 'java/lang/NoSuchMethodError'{0x00000000878178d8}: 'void java.lang.invoke.DelegatingMethodHandle$Holder.reinvoke_L(java.lang.Object, java.lang.Object, java.lang.Object, long, java.lang.Object)'> (0x00000000878178d8) 
thrown [s\src\hotspot\share\interpreter\linkResolver.cpp, line 771]
Event: 10.457 Thread 0x00000217ea76f060 Exception <a 'java/lang/NoSuchMethodError'{0x00000000878204b0}: 'java.lang.Object java.lang.invoke.DirectMethodHandle$Holder.invokeSpecial(java.lang.Object, java.lang.Object, java.lang.Object, java.lang.Object, long)'> (0x00000000878204b0) 
thrown [s\src\hotspot\share\interpreter\linkResolver.cpp, line 771]
Event: 10.458 Thread 0x00000217ea76f060 Exception <a 'java/lang/NoSuchMethodError'{0x0000000087830e50}: 'int java.lang.invoke.DelegatingMethodHandle$Holder.reinvoke_L(java.lang.Object, java.lang.Object, java.lang.Object, long, java.lang.Object, java.lang.Object)'> (0x0000000087830e50) 
thrown [s\src\hotspot\share\interpreter\linkResolver.cpp, line 771]
Event: 10.459 Thread 0x00000217ea76f060 Exception <a 'java/lang/NoSuchMethodError'{0x0000000087841138}: 'int java.lang.invoke.DelegatingMethodHandle$Holder.reinvoke_L(java.lang.Object, java.lang.Object, java.lang.Object, long, int, int)'> (0x0000000087841138) 
thrown [s\src\hotspot\share\interpreter\linkResolver.cpp, line 771]
Event: 10.459 Thread 0x00000217ea76f060 Exception <a 'java/lang/NoSuchMethodError'{0x00000000878511c8}: 'int java.lang.invoke.DelegatingMethodHandle$Holder.reinvoke_L(java.lang.Object, java.lang.Object, java.lang.Object, long, long, long)'> (0x00000000878511c8) 
thrown [s\src\hotspot\share\interpreter\linkResolver.cpp, line 771]
Event: 10.460 Thread 0x00000217ea76f060 Exception <a 'java/lang/NoSuchMethodError'{0x0000000087860f38}: 'int java.lang.invoke.DelegatingMethodHandle$Holder.reinvoke_L(java.lang.Object, java.lang.Object, java.lang.Object, long, int)'> (0x0000000087860f38) 
thrown [s\src\hotspot\share\interpreter\linkResolver.cpp, line 771]
Event: 11.765 Thread 0x00000217ea76f060 Exception <a 'java/lang/NoSuchMethodError'{0x00000000871927a0}: 'java.lang.Object java.lang.invoke.Invokers$Holder.invokeExact_MT(java.lang.Object, java.lang.Object, long, java.lang.Object)'> (0x00000000871927a0) 
thrown [s\src\hotspot\share\interpreter\linkResolver.cpp, line 771]
Event: 11.851 Thread 0x00000217ea76f060 Exception <a 'java/lang/NoSuchMethodError'{0x0000000086e184a8}: 'java.lang.Object java.lang.invoke.Invokers$Holder.invoke_MT(java.lang.Object, java.lang.Object, java.lang.Object)'> (0x0000000086e184a8) 
thrown [s\src\hotspot\share\interpreter\linkResolver.cpp, line 771]
Event: 12.225 Thread 0x00000217ea76f060 Implicit null exception at 0x00000217d50cb936 to 0x00000217d50cd9ac

VM Operations (20 events):
Event: 11.398 Executing VM operation: G1PauseRemark done
Event: 11.411 Executing VM operation: G1PauseCleanup
Event: 11.411 Executing VM operation: G1PauseCleanup done
Event: 11.468 Executing VM operation: HandshakeAllThreads
Event: 11.468 Executing VM operation: HandshakeAllThreads done
Event: 11.637 Executing VM operation: HandshakeAllThreads
Event: 11.637 Executing VM operation: HandshakeAllThreads done
Event: 12.014 Executing VM operation: G1CollectForAllocation
Event: 12.016 Executing VM operation: G1CollectForAllocation done
Event: 12.031 Executing VM operation: G1CollectForAllocation
Event: 12.035 Executing VM operation: G1CollectForAllocation done
Event: 12.252 Executing VM operation: G1CollectForAllocation
Event: 12.262 Executing VM operation: G1CollectForAllocation done
Event: 12.317 Executing VM operation: G1PauseRemark
Event: 12.320 Executing VM operation: G1PauseRemark done
Event: 12.347 Executing VM operation: G1PauseCleanup
Event: 12.347 Executing VM operation: G1PauseCleanup done
Event: 12.434 Executing VM operation: G1CollectForAllocation
Event: 12.442 Executing VM operation: G1CollectForAllocation done
Event: 12.488 Executing VM operation: G1CollectForAllocation

Events (20 events):
Event: 11.787 loading class jdk/internal/jrtfs/JrtFileSystemProvider$JrtFsLoader
Event: 11.787 loading class jdk/internal/jrtfs/JrtFileSystemProvider$JrtFsLoader done
Event: 11.846 loading class java/io/IOError
Event: 11.846 loading class java/io/IOError done
Event: 11.850 loading class java/nio/channels/FileChannel$MapMode
Event: 11.850 loading class java/nio/channels/FileChannel$MapMode done
Event: 11.850 loading class jdk/internal/misc/ExtendedMapMode
Event: 11.850 loading class jdk/internal/misc/ExtendedMapMode done
Event: 11.851 loading class sun/nio/ch/FileChannelImpl$DefaultUnmapper
Event: 11.851 loading class sun/nio/ch/FileChannelImpl$Unmapper
Event: 11.851 loading class jdk/internal/access/foreign/UnmapperProxy
Event: 11.851 loading class jdk/internal/access/foreign/UnmapperProxy done
Event: 11.851 loading class sun/nio/ch/FileChannelImpl$Unmapper done
Event: 11.851 loading class sun/nio/ch/FileChannelImpl$DefaultUnmapper done
Event: 11.851 loading class sun/nio/ch/Util$4
Event: 11.851 loading class sun/nio/ch/Util$4 done
Event: 11.851 loading class jdk/internal/access/foreign/MemorySegmentProxy
Event: 11.851 loading class jdk/internal/access/foreign/MemorySegmentProxy done
Event: 11.852 loading class java/io/UTFDataFormatException
Event: 11.852 loading class java/io/UTFDataFormatException done


Dynamic libraries:
0x00007ff73f8d0000 - 0x00007ff73f8da000 	D:\abcd\ad\0Work\android_studio\jbr\bin\java.exe
0x00007ff826750000 - 0x00007ff826948000 	C:\WINDOWS\SYSTEM32\ntdll.dll
0x00007ff826640000 - 0x00007ff826701000 	C:\WINDOWS\System32\KERNEL32.DLL
0x00007ff8240c0000 - 0x00007ff8243bd000 	C:\WINDOWS\System32\KERNELBASE.dll
0x00007ff81e290000 - 0x00007ff81e324000 	C:\WINDOWS\SYSTEM32\apphelp.dll
0x00007ff823fc0000 - 0x00007ff8240c0000 	C:\WINDOWS\System32\ucrtbase.dll
0x00007ffff18e0000 - 0x00007ffff18f7000 	D:\abcd\ad\0Work\android_studio\jbr\bin\jli.dll
0x00007ffff0f60000 - 0x00007ffff0f7b000 	D:\abcd\ad\0Work\android_studio\jbr\bin\VCRUNTIME140.dll
0x00007ff824c50000 - 0x00007ff824ded000 	C:\WINDOWS\System32\USER32.dll
0x00007ff823e90000 - 0x00007ff823eb2000 	C:\WINDOWS\System32\win32u.dll
0x00007ff80f7b0000 - 0x00007ff80fa4a000 	C:\WINDOWS\WinSxS\amd64_microsoft.windows.common-controls_6595b64144ccf1df_6.0.19041.4355_none_60b8b9eb71f62e16\COMCTL32.dll
0x00007ff8258d0000 - 0x00007ff8258fb000 	C:\WINDOWS\System32\GDI32.dll
0x00007ff824aa0000 - 0x00007ff824b3e000 	C:\WINDOWS\System32\msvcrt.dll
0x00007ff824550000 - 0x00007ff824667000 	C:\WINDOWS\System32\gdi32full.dll
0x00007ff824670000 - 0x00007ff82470d000 	C:\WINDOWS\System32\msvcp_win.dll
0x00007ff8248a0000 - 0x00007ff8248cf000 	C:\WINDOWS\System32\IMM32.DLL
0x00007ff81e770000 - 0x00007ff81e77c000 	D:\abcd\ad\0Work\android_studio\jbr\bin\vcruntime140_1.dll
0x00007fffd8f00000 - 0x00007fffd8f8d000 	D:\abcd\ad\0Work\android_studio\jbr\bin\msvcp140.dll
0x00007fff76160000 - 0x00007fff76de3000 	D:\abcd\ad\0Work\android_studio\jbr\bin\server\jvm.dll
0x00007ff826520000 - 0x00007ff8265d0000 	C:\WINDOWS\System32\ADVAPI32.dll
0x00007ff824a00000 - 0x00007ff824aa0000 	C:\WINDOWS\System32\sechost.dll
0x00007ff825a80000 - 0x00007ff825ba3000 	C:\WINDOWS\System32\RPCRT4.dll
0x00007ff824520000 - 0x00007ff824547000 	C:\WINDOWS\System32\bcrypt.dll
0x00007ff80ee10000 - 0x00007ff80ee19000 	C:\WINDOWS\SYSTEM32\WSOCK32.dll
0x00007ff819af0000 - 0x00007ff819b17000 	C:\WINDOWS\SYSTEM32\WINMM.dll
0x00007ff8265d0000 - 0x00007ff82663b000 	C:\WINDOWS\System32\WS2_32.dll
0x00007ff81e690000 - 0x00007ff81e69a000 	C:\WINDOWS\SYSTEM32\VERSION.dll
0x00007ff823390000 - 0x00007ff8233db000 	C:\WINDOWS\SYSTEM32\POWRPROF.dll
0x00007ff823200000 - 0x00007ff823212000 	C:\WINDOWS\SYSTEM32\UMPDC.dll
0x00007ff822620000 - 0x00007ff822632000 	C:\WINDOWS\SYSTEM32\kernel.appcore.dll
0x00007ff819e70000 - 0x00007ff819e7a000 	D:\abcd\ad\0Work\android_studio\jbr\bin\jimage.dll
0x00007ff822320000 - 0x00007ff822504000 	C:\WINDOWS\SYSTEM32\DBGHELP.DLL
0x00007ff8166a0000 - 0x00007ff8166d4000 	C:\WINDOWS\SYSTEM32\dbgcore.DLL
0x00007ff823e00000 - 0x00007ff823e82000 	C:\WINDOWS\System32\bcryptPrimitives.dll
0x00007ff806f10000 - 0x00007ff806f1e000 	D:\abcd\ad\0Work\android_studio\jbr\bin\instrument.dll
0x00007ffff10b0000 - 0x00007ffff10d5000 	D:\abcd\ad\0Work\android_studio\jbr\bin\java.dll
0x00007ff808a30000 - 0x00007ff808a48000 	D:\abcd\ad\0Work\android_studio\jbr\bin\zip.dll
0x00007ff825d00000 - 0x00007ff82646f000 	C:\WINDOWS\System32\SHELL32.dll
0x00007ff821aa0000 - 0x00007ff822243000 	C:\WINDOWS\SYSTEM32\windows.storage.dll
0x00007ff8254a0000 - 0x00007ff8257f3000 	C:\WINDOWS\System32\combase.dll
0x00007ff823830000 - 0x00007ff82385e000 	C:\WINDOWS\SYSTEM32\Wldp.dll
0x00007ff825c30000 - 0x00007ff825cfd000 	C:\WINDOWS\System32\OLEAUT32.dll
0x00007ff826470000 - 0x00007ff82651d000 	C:\WINDOWS\System32\SHCORE.dll
0x00007ff825430000 - 0x00007ff825485000 	C:\WINDOWS\System32\shlwapi.dll
0x00007ff823d30000 - 0x00007ff823d54000 	C:\WINDOWS\SYSTEM32\profapi.dll
0x00007ffff9150000 - 0x00007ffff9169000 	D:\abcd\ad\0Work\android_studio\jbr\bin\net.dll
0x00007ff820010000 - 0x00007ff82011d000 	C:\WINDOWS\SYSTEM32\WINHTTP.dll
0x00007ff823590000 - 0x00007ff8235fa000 	C:\WINDOWS\system32\mswsock.dll
0x00007ffff3290000 - 0x00007ffff32a6000 	D:\abcd\ad\0Work\android_studio\jbr\bin\nio.dll
0x00007ff80f0a0000 - 0x00007ff80f0b0000 	D:\abcd\ad\0Work\android_studio\jbr\bin\verify.dll
0x00007fffe8be0000 - 0x00007fffe8c07000 	C:\Users\asukh\.gradle\native\c067742578af261105cb4f569cf0c3c89f3d7b1fecec35dd04571415982c5e48\windows-amd64\native-platform.dll
0x00007fffe5060000 - 0x00007fffe51a4000 	C:\Users\asukh\.gradle\native\38dada09dfb8b06ba9b0570ebf7e218e3eb74d4ef43ca46872605cf95ebc2f47\windows-amd64\native-platform-file-events.dll
0x00007ff81bc10000 - 0x00007ff81bc19000 	D:\abcd\ad\0Work\android_studio\jbr\bin\management.dll
0x00007ff819e90000 - 0x00007ff819e9b000 	D:\abcd\ad\0Work\android_studio\jbr\bin\management_ext.dll
0x00007ff825490000 - 0x00007ff825498000 	C:\WINDOWS\System32\PSAPI.DLL
0x00007ff823780000 - 0x00007ff823798000 	C:\WINDOWS\SYSTEM32\CRYPTSP.dll
0x00007ff822e40000 - 0x00007ff822e74000 	C:\WINDOWS\system32\rsaenh.dll
0x00007ff823cb0000 - 0x00007ff823cde000 	C:\WINDOWS\SYSTEM32\USERENV.dll
0x00007ff8237a0000 - 0x00007ff8237ac000 	C:\WINDOWS\SYSTEM32\CRYPTBASE.dll
0x00007ff823220000 - 0x00007ff82325b000 	C:\WINDOWS\SYSTEM32\IPHLPAPI.DLL
0x00007ff825a70000 - 0x00007ff825a78000 	C:\WINDOWS\System32\NSI.dll
0x00007ff81e350000 - 0x00007ff81e367000 	C:\WINDOWS\SYSTEM32\dhcpcsvc6.DLL
0x00007ff81e8c0000 - 0x00007ff81e8dd000 	C:\WINDOWS\SYSTEM32\dhcpcsvc.DLL
0x00007ff823270000 - 0x00007ff82333a000 	C:\WINDOWS\SYSTEM32\DNSAPI.dll
0x00007ff81bd60000 - 0x00007ff81bd69000 	D:\abcd\ad\0Work\android_studio\jbr\bin\extnet.dll
0x00007ff81c420000 - 0x00007ff81c427000 	C:\WINDOWS\system32\wshunix.dll

dbghelp: loaded successfully - version: 4.0.5 - missing functions: none
symbol engine: initialized successfully - sym options: 0x614 - pdb path: .;D:\abcd\ad\0Work\android_studio\jbr\bin;C:\WINDOWS\SYSTEM32;C:\WINDOWS\WinSxS\amd64_microsoft.windows.common-controls_6595b64144ccf1df_6.0.19041.4355_none_60b8b9eb71f62e16;D:\abcd\ad\0Work\android_studio\jbr\bin\server;C:\Users\asukh\.gradle\native\c067742578af261105cb4f569cf0c3c89f3d7b1fecec35dd04571415982c5e48\windows-amd64;C:\Users\asukh\.gradle\native\38dada09dfb8b06ba9b0570ebf7e218e3eb74d4ef43ca46872605cf95ebc2f47\windows-amd64

VM Arguments:
jvm_args: --add-opens=java.base/java.util=ALL-UNNAMED --add-opens=java.base/java.lang=ALL-UNNAMED --add-opens=java.base/java.lang.invoke=ALL-UNNAMED --add-opens=java.prefs/java.util.prefs=ALL-UNNAMED --add-opens=java.base/java.nio.charset=ALL-UNNAMED --add-opens=java.base/java.net=ALL-UNNAMED --add-opens=java.base/java.util.concurrent.atomic=ALL-UNNAMED -Xmx2048m -Dfile.encoding=UTF-8 -Duser.country=RU -Duser.language=ru -Duser.variant -javaagent:C:\Users\asukh\.gradle\wrapper\dists\gradle-8.7-bin\bhs2wmbdwecv87pi65oeuq5iu\gradle-8.7\lib\agents\gradle-instrumentation-agent-8.7.jar 
java_command: org.gradle.launcher.daemon.bootstrap.GradleDaemon 8.7
java_class_path (initial): C:\Users\asukh\.gradle\wrapper\dists\gradle-8.7-bin\bhs2wmbdwecv87pi65oeuq5iu\gradle-8.7\lib\gradle-launcher-8.7.jar
Launcher Type: SUN_STANDARD

[Global flags]
     intx CICompilerCount                          = 4                                         {product} {ergonomic}
     uint ConcGCThreads                            = 3                                         {product} {ergonomic}
     uint G1ConcRefinementThreads                  = 10                                        {product} {ergonomic}
   size_t G1HeapRegionSize                         = 1048576                                   {product} {ergonomic}
    uintx GCDrainStackTargetSize                   = 64                                        {product} {ergonomic}
   size_t InitialHeapSize                          = 266338304                                 {product} {ergonomic}
   size_t MarkStackSize                            = 4194304                                   {product} {ergonomic}
   size_t MaxHeapSize                              = 2147483648                                {product} {command line}
   size_t MaxNewSize                               = 1287651328                                {product} {ergonomic}
   size_t MinHeapDeltaBytes                        = 1048576                                   {product} {ergonomic}
   size_t MinHeapSize                              = 8388608                                   {product} {ergonomic}
    uintx NonNMethodCodeHeapSize                   = 5839372                                {pd product} {ergonomic}
    uintx NonProfiledCodeHeapSize                  = 122909434                              {pd product} {ergonomic}
    uintx ProfiledCodeHeapSize                     = 122909434                              {pd product} {ergonomic}
    uintx ReservedCodeCacheSize                    = 251658240                              {pd product} {ergonomic}
     bool SegmentedCodeCache                       = true                                      {product} {ergonomic}
   size_t SoftMaxHeapSize                          = 2147483648                             {manageable} {ergonomic}
     bool UseCompressedClassPointers               = true                           {product lp64_product} {ergonomic}
     bool UseCompressedOops                        = true                           {product lp64_product} {ergonomic}
     bool UseG1GC                                  = true                                      {product} {ergonomic}
     bool UseLargePagesIndividualAllocation        = false                                  {pd product} {ergonomic}

Logging:
Log output configuration:
 #0: stdout all=warning uptime,level,tags
 #1: stderr all=off uptime,level,tags

Environment Variables:
PATH=C:\Program Files (x86)\Common Files\Oracle\Java\java8path;C:\Program Files (x86)\Common Files\Oracle\Java\javapath;C:\Windows\system32;C:\Windows;C:\Windows\System32\Wbem;C:\Windows\System32\WindowsPowerShell\v1.0\;C:\Windows\System32\OpenSSH\;C:\Program Files (x86)\NVIDIA Corporation\PhysX\Common;C:\Program Files\NVIDIA Corporation\NVIDIA NvDLISR;C:\Program Files\dotnet\;C:\Program Files\TortoiseGit\bin;C:\WINDOWS\system32;C:\WINDOWS;C:\WINDOWS\System32\Wbem;C:\WINDOWS\System32\WindowsPowerShell\v1.0\;C:\WINDOWS\System32\OpenSSH\;C:\Program Files (x86)\IVI Foundation\VISA\WinNT\Bin\;C:\Program Files\IVI Foundation\VISA\Win64\Bin\;C:\Program Files (x86)\National Instruments\Shared\LabVIEW CLI;C:\Program Files (x86)\IVI Foundation\VISA\WinNT\Bin;D:\abcd\ad\\Git\cmd;C:\Program Files\Microsoft SQL Server\Client SDK\ODBC\170\Tools\Binn\;C:\Program Files\Azure Data Studio\bin;C:\Users\asukh\AppData\Local\Programs\Python\Python38\Scripts\;C:\Users\asukh\AppData\Local\Programs\Python\Python38\;C:\Users\asukh\AppData\Local\Programs\Python\Python312\Scripts\;C:\Users\asukh\AppData\Local\Programs\Python\Python312\;C:\Users\asukh\AppData\Local\Programs\Python\Python311\Scripts\;C:\Users\asukh\AppData\Local\Programs\Python\Python311\;C:\Users\asukh\AppData\Local\Microsoft\WindowsApps;C:\Program Files\Azure Data Studio\bin;C:\Users\asukh\.dotnet\tools;C:\Users\asukh\AppData\Local\GitHubDesktop\bin
USERNAME=Lera
OS=Windows_NT
PROCESSOR_IDENTIFIER=Intel64 Family 6 Model 158 Stepping 10, GenuineIntel
TMP=C:\Users\asukh\AppData\Local\Temp
TEMP=C:\Users\asukh\AppData\Local\Temp



Periodic native trim disabled

JNI global refs:
JNI global refs: 28, weak refs: 13

JNI global refs memory usage: 843, weak refs: 841

Process memory usage:
Resident Set Size: 365152K (2% of 16590060K total physical memory with 209100K free physical memory)

OOME stack traces (most recent first):
Classloader memory used:
Loader org.gradle.internal.classloader.VisitableURLClassLoader                         : 5987K
Loader bootstrap                                                                       : 2528K
Loader org.gradle.initialization.MixInLegacyTypesClassLoader                           : 1131K
Loader org.gradle.internal.classloader.VisitableURLClassLoader                         : 125K
Loader org.gradle.internal.classloader.VisitableURLClassLoader$InstrumentingVisitableURLClassLoader: 90676B
Loader jdk.internal.loader.ClassLoaders$PlatformClassLoader                            : 67190B
Loader jdk.internal.reflect.DelegatingClassLoader                                      : 36833B
Loader jdk.internal.loader.ClassLoaders$AppClassLoader                                 : 28721B
Loader jdk.internal.jrtfs.JrtFileSystemProvider$JrtFsLoader                            : 26777B
Loader org.gradle.groovy.scripts.internal.DefaultScriptCompilationHandler$ScriptClassLoader: 10699B
Loader org.codehaus.groovy.runtime.callsite.CallSiteClassLoader                        : 6114B

Classes loaded by more than one classloader:
Class org.gradle.internal.Cast                                                        : loaded 3 times (x 69B)
Class Program                                                                         : loaded 3 times (x 70B)
Class org.gradle.api.GradleException                                                  : loaded 3 times (x 80B)
Class kotlin.collections.AbstractCollection                                           : loaded 2 times (x 115B)
Class org.jetbrains.plugins.gradle.model.MavenRepositoryModel                         : loaded 2 times (x 68B)
Class org.gradle.internal.classpath.ClassPath                                         : loaded 2 times (x 68B)
Class org.gradle.api.internal.classpath.DefaultModuleRegistry                         : loaded 2 times (x 84B)
Class org.gradle.internal.exceptions.NonGradleCauseExceptionsHolder                   : loaded 2 times (x 68B)
Class Settings_gradle$1$1                                                             : loaded 2 times (x 72B)
Class jdk.internal.jimage.BasicImageReader$1                                          : loaded 2 times (x 75B)
Class kotlin.enums.EnumEntries                                                        : loaded 2 times (x 68B)
Class org.gradle.api.Action                                                           : loaded 2 times (x 68B)
Class org.jetbrains.kotlin.idea.gradleTooling.model.samWithReceiver.SamWithReceiverModel: loaded 2 times (x 68B)
Class kotlin.enums.EnumEntriesKt                                                      : loaded 2 times (x 69B)
Class org.jetbrains.plugins.gradle.model.ExternalProject                              : loaded 2 times (x 68B)
Class org.jetbrains.plugins.gradle.model.IntelliJSettings                             : loaded 2 times (x 68B)
Class org.jetbrains.kotlin.idea.gradleTooling.KotlinMPPGradleModel                    : loaded 2 times (x 68B)
Class org.gradle.api.internal.DefaultClassPathProvider                                : loaded 2 times (x 74B)
Class org.gradle.internal.installation.GradleInstallation$1                           : loaded 2 times (x 73B)
Class jdk.internal.jrtfs.SystemImage$1                                                : loaded 2 times (x 76B)
Class jdk.internal.jrtfs.SystemImage$2                                                : loaded 2 times (x 74B)
Class org.gradle.internal.exceptions.DefaultMultiCauseException                       : loaded 2 times (x 93B)
Class org.gradle.tooling.model.UnsupportedMethodException                             : loaded 2 times (x 80B)
Class org.gradle.internal.time.MonotonicClock                                         : loaded 2 times (x 75B)
Class org.gradle.internal.classloader.FilteringClassLoader                            : loaded 2 times (x 103B)
Class jdk.internal.jimage.ImageReader$Resource                                        : loaded 2 times (x 82B)
Class jdk.internal.jrtfs.SystemImage                                                  : loaded 2 times (x 72B)
Class org.gradle.tooling.model.Model                                                  : loaded 2 times (x 68B)
Class org.gradle.internal.classpath.DefaultClassPath$ImmutableUniqueList$Builder      : loaded 2 times (x 73B)
Class kotlin.UninitializedPropertyAccessException                                     : loaded 2 times (x 80B)
Class org.jetbrains.kotlin.idea.gradleTooling.KotlinSourceSetContainer                : loaded 2 times (x 68B)
Class jdk.internal.jrtfs.JrtDirectoryStream$1                                         : loaded 2 times (x 81B)
Class org.gradle.internal.classloader.ClassLoaderVisitor                              : loaded 2 times (x 74B)
Class org.gradle.internal.time.DefaultCountdownTimer                                  : loaded 2 times (x 86B)
Class org.gradle.internal.service.DefaultServiceLocator                               : loaded 2 times (x 81B)
Class org.jetbrains.plugins.gradle.model.jar.JarTaskManifestConfiguration             : loaded 2 times (x 68B)
Class org.gradle.internal.service.UnknownServiceException                             : loaded 2 times (x 81B)
Class org.jetbrains.plugins.gradle.model.DependencyAccessorsModel                     : loaded 2 times (x 68B)
Class org.gradle.internal.classloader.DefaultClassLoaderFactory                       : loaded 2 times (x 80B)
Class jdk.internal.jimage.ImageReader$SharedImageReader                               : loaded 2 times (x 93B)
Class org.jetbrains.plugins.gradle.model.GradleExtensions                             : loaded 2 times (x 68B)
Class org.jetbrains.plugins.gradle.model.VersionCatalogsModel                         : loaded 2 times (x 68B)
Class org.gradle.internal.classloader.VisitableURLClassLoader$Spec                    : loaded 2 times (x 72B)
Class org.gradle.tooling.model.ProjectModel                                           : loaded 2 times (x 68B)
Class kotlin.collections.AbstractList                                                 : loaded 2 times (x 157B)
Class org.gradle.util.GradleVersion                                                   : loaded 2 times (x 81B)
Class org.gradle.api.internal.classpath.ModuleRegistry                                : loaded 2 times (x 68B)
Class org.jetbrains.plugins.gradle.model.RepositoriesModel                            : loaded 2 times (x 68B)
Class kotlin.jvm.internal.markers.KMappedMarker                                       : loaded 2 times (x 68B)
Class org.gradle.api.internal.ClassPathProvider                                       : loaded 2 times (x 68B)
Class ijInit3_2i6z0ca2zkemd7gb5h7whi20g                                               : loaded 2 times (x 177B)
Class org.gradle.internal.classloader.ClasspathUtil$1                                 : loaded 2 times (x 74B)
Class org.gradle.internal.classloader.ClassLoaderFactory                              : loaded 2 times (x 68B)
Class jdk.internal.jimage.ImageHeader                                                 : loaded 2 times (x 69B)
Class org.gradle.api.internal.classpath.ManifestUtil                                  : loaded 2 times (x 69B)
Class org.gradle.api.specs.Spec                                                       : loaded 2 times (x 68B)
Class kotlin.jvm.internal.Intrinsics                                                  : loaded 2 times (x 69B)
Class org.gradle.tooling.internal.gradle.GradleBuildIdentity                          : loaded 2 times (x 68B)
Class org.gradle.internal.IoActions                                                   : loaded 2 times (x 69B)
Class org.gradle.api.internal.classpath.EffectiveClassPath                            : loaded 2 times (x 88B)
Class kotlin.jvm.internal.DefaultConstructorMarker                                    : loaded 2 times (x 69B)
Class org.gradle.internal.exceptions.ResolutionProvider                               : loaded 2 times (x 68B)
Class org.jetbrains.kotlin.idea.gradleTooling.model.annotation.AnnotationBasedPluginModel: loaded 2 times (x 68B)
Class org.jetbrains.kotlin.idea.gradleTooling.model.assignment.AssignmentModel        : loaded 2 times (x 68B)
Class org.gradle.internal.installation.CurrentGradleInstallation                      : loaded 2 times (x 71B)
Class org.gradle.internal.agents.InstrumentingClassLoader                             : loaded 2 times (x 68B)
Class org.gradle.internal.installation.CurrentGradleInstallationLocator               : loaded 2 times (x 69B)
Class org.gradle.api.internal.classpath.Module                                        : loaded 2 times (x 68B)
Class org.gradle.internal.service.CachingServiceLocator                               : loaded 2 times (x 80B)
Class org.gradle.internal.time.Timer                                                  : loaded 2 times (x 68B)
Class org.jetbrains.plugins.gradle.model.tests.ExternalTestsModel                     : loaded 2 times (x 68B)
Class org.jetbrains.kotlin.idea.gradleTooling.KotlinDslScriptAdditionalTask           : loaded 2 times (x 68B)
Class org.gradle.internal.classpath.DefaultClassPath                                  : loaded 2 times (x 88B)
Class jdk.internal.jimage.BasicImageReader                                            : loaded 2 times (x 93B)
Class com.intellij.openapi.externalSystem.model.project.dependencies.ProjectDependencies: loaded 2 times (x 68B)
Class kotlin.enums.EnumEntriesList                                                    : loaded 2 times (x 183B)
Class org.jetbrains.kotlin.idea.gradleTooling.PrepareKotlinIdeImportTaskModel         : loaded 2 times (x 68B)
Class org.gradle.internal.impldep.com.google.common.base.Preconditions                : loaded 2 times (x 69B)
Class kotlin.jvm.functions.Function1                                                  : loaded 2 times (x 68B)
Class jdk.internal.jimage.ImageReader$Node                                            : loaded 2 times (x 82B)
Class org.gradle.internal.time.Time                                                   : loaded 2 times (x 69B)
Class org.gradle.internal.time.TimeSource$1                                           : loaded 2 times (x 75B)
Class kotlin.KotlinNullPointerException                                               : loaded 2 times (x 81B)
Class jdk.internal.jrtfs.JrtPath                                                      : loaded 2 times (x 116B)
Class jdk.internal.jimage.ImageStrings                                                : loaded 2 times (x 68B)
Class org.gradle.internal.classloader.SystemClassLoaderSpec                           : loaded 2 times (x 69B)
Class sync_studio_tooling2_f3ntb0s49o53hk4snebwq81dc$_run_closure1                    : loaded 2 times (x 137B)
Class kotlin.Function                                                                 : loaded 2 times (x 68B)
Class org.gradle.api.UncheckedIOException                                             : loaded 2 times (x 80B)
Class org.gradle.tooling.internal.gradle.DefaultProjectIdentifier                     : loaded 2 times (x 84B)
Class jdk.internal.jimage.decompressor.Decompressor                                   : loaded 2 times (x 70B)
Class jdk.internal.jrtfs.JrtFileSystem                                                : loaded 2 times (x 100B)
Class org.gradle.tooling.internal.gradle.GradleProjectIdentity                        : loaded 2 times (x 68B)
Class jdk.internal.jrtfs.JrtFileSystemProvider                                        : loaded 2 times (x 97B)
Class org.gradle.internal.time.CountdownTimer                                         : loaded 2 times (x 68B)
Class org.gradle.internal.time.Clock                                                  : loaded 2 times (x 68B)
Class org.gradle.internal.classloader.ClasspathUtil                                   : loaded 2 times (x 69B)
Class jdk.internal.jrtfs.JrtDirectoryStream                                           : loaded 2 times (x 87B)
Class org.gradle.tooling.model.BuildIdentifier                                        : loaded 2 times (x 68B)
Class org.gradle.api.internal.DefaultClassPathRegistry                                : loaded 2 times (x 74B)
Class org.gradle.api.internal.classpath.DefaultModuleRegistry$DefaultModule           : loaded 2 times (x 84B)
Class sync_studio_tooling2_f3ntb0s49o53hk4snebwq81dc                                  : loaded 2 times (x 177B)
Class org.gradle.internal.time.TimeSource                                             : loaded 2 times (x 68B)
Class org.jetbrains.kotlin.android.synthetic.idea.AndroidExtensionsGradleModel        : loaded 2 times (x 68B)
Class org.gradle.api.internal.classpath.UnknownModuleException                        : loaded 2 times (x 80B)
Class org.jetbrains.plugins.gradle.model.IntelliJProjectSettings                      : loaded 2 times (x 68B)
Class org.gradle.internal.service.ServiceLookupException                              : loaded 2 times (x 80B)
Class jdk.internal.jimage.ImageStringsReader                                          : loaded 2 times (x 78B)
Class org.gradle.cache.GlobalCache                                                    : loaded 2 times (x 68B)
Class org.jetbrains.kotlin.idea.gradleTooling.model.lombok.LombokModel                : loaded 2 times (x 68B)
Class org.gradle.tooling.model.ProjectIdentifier                                      : loaded 2 times (x 68B)
Class [Lorg.gradle.api.internal.ClassPathProvider;                                    : loaded 2 times (x 67B)
Class org.gradle.internal.operations.MultipleBuildOperationFailures                   : loaded 2 times (x 93B)
Class org.gradle.util.internal.GUtil                                                  : loaded 2 times (x 69B)
Class org.jetbrains.plugins.gradle.model.AnnotationProcessingModel                    : loaded 2 times (x 68B)
Class org.gradle.internal.classloader.ClassLoaderSpec                                 : loaded 2 times (x 69B)
Class org.gradle.internal.classloader.VisitableURLClassLoader                         : loaded 2 times (x 115B)
Class org.gradle.internal.installation.GradleInstallation                             : loaded 2 times (x 73B)
Class org.gradle.api.internal.ClassPathRegistry                                       : loaded 2 times (x 68B)
Class org.gradle.internal.classloader.VisitableURLClassLoader$InstrumentingVisitableURLClassLoader: loaded 2 times (x 121B)
Class org.gradle.internal.classloader.ClassLoaderHierarchy                            : loaded 2 times (x 68B)
Class org.gradle.internal.exceptions.MultiCauseException                              : loaded 2 times (x 68B)
Class jdk.internal.jimage.ImageReader                                                 : loaded 2 times (x 73B)
Class org.jetbrains.kotlin.idea.gradleTooling.model.parcelize.ParcelizeGradleModel    : loaded 2 times (x 68B)
Class org.gradle.internal.InternalTransformer                                         : loaded 2 times (x 68B)
Class org.jetbrains.kotlin.idea.gradleTooling.model.noarg.NoArgModel                  : loaded 2 times (x 68B)
Class org.jetbrains.kotlin.idea.gradleTooling.KotlinGradleModel                       : loaded 2 times (x 68B)
Class org.gradle.tooling.internal.gradle.DefaultBuildIdentifier                       : loaded 2 times (x 77B)
Class org.gradle.internal.service.ServiceLocator                                      : loaded 2 times (x 68B)
Class Settings_gradle$1                                                               : loaded 2 times (x 72B)
Class org.jetbrains.kotlin.idea.gradleTooling.model.allopen.AllOpenModel              : loaded 2 times (x 68B)
Class org.gradle.internal.classpath.DefaultClassPath$ImmutableUniqueList              : loaded 2 times (x 159B)
Class org.gradle.internal.time.DefaultTimer                                           : loaded 2 times (x 78B)
Class org.gradle.internal.classpath.TransformedClassPath                              : loaded 2 times (x 94B)
Class Settings_gradle                                                                 : loaded 2 times (x 126B)
Class kotlin.collections.AbstractList$Companion                                       : loaded 2 times (x 69B)
Class jdk.internal.jimage.ImageReader$Directory                                       : loaded 2 times (x 82B)


---------------  S Y S T E M  ---------------

OS:
 Windows 10 , 64 bit Build 19041 (10.0.19041.4842)
OS uptime: 4 days 4:09 hours

CPU: total 12 (initial active 12) (6 cores per cpu, 2 threads per core) family 6 model 158 stepping 10 microcode 0xea, cx8, cmov, fxsr, ht, mmx, 3dnowpref, sse, sse2, sse3, ssse3, sse4.1, sse4.2, popcnt, lzcnt, tsc, tscinvbit, avx, avx2, aes, erms, clmul, bmi1, bmi2, adx, fma, vzeroupper, clflush, clflushopt
Processor Information for all 12 processors :
  Max Mhz: 2592, Current Mhz: 2592, Mhz Limit: 2592

Memory: 4k page, system-wide physical 16201M (206M free)
TotalPageFile size 32201M (AvailPageFile size 7M)
current process WorkingSet (physical memory assigned to process): 356M, peak: 356M
current process commit charge ("private bytes"): 411M, peak: 450M

vm_info: OpenJDK 64-Bit Server VM (17.0.11+0--11852314) for windows-amd64 JRE (17.0.11+0--11852314), built on May 16 2024 21:29:20 by "androidbuild" with MS VC++ 16.10 / 16.11 (VS2019)

END.
